Start testing: Feb 01 22:42 GMT
----------------------------------------------------------
1/8 Testing: check_check
1/8 Test: check_check
Command: "/home/neil/Documents/cs4098/check/build/tests/check_check"
Directory: /home/neil/Documents/cs4098/check/build
"check_check" start time: Feb 01 22:42 GMT
Output:
----------------------------------------------------------
Running suite(s): Fork Sub
100%: Checks: 3, Failures: 0, Errors: 0
/home/neil/Documents/cs4098/check/tests/check_check_fork.c:38:P:Core:test_inc:0: Passed
/home/neil/Documents/cs4098/check/tests/check_check_fork.c:47:P:Core:test_nofork_sideeffects:0: Passed
/home/neil/Documents/cs4098/check/tests/check_check_fork.c:54:P:Core:test_nofork_pid:0: Passed
Running suite(s): Fix Sub
0%: Checks: 1, Failures: 1, Errors: 0
/home/neil/Documents/cs4098/check/tests/check_check_fixture.c:36:S:Fix Sub:unchecked_setup:0: Test failure in fixture
Running suite(s): Check Servant
Running suite(s):100%: Checks: 0, Failures: 0, Errors: 0
/home/neil/Documents/cs4098/check/src/check.c:584: Bad status in set_fork_status
 Check Servant2
18%: Checks: 260, Failures: 166, Errors: 45
/home/neil/Documents/cs4098/check/tests/check_check_sub.c:33:F:Simple Tests:test_lno:0: Failure expected
/home/neil/Documents/cs4098/check/tests/check_check_sub.c:42:E:Simple Tests:test_mark_lno:0: (after this point) Early exit with return value 1
/home/neil/Documents/cs4098/check/tests/check_check_sub.c:52:P:Simple Tests:test_pass:0: Passed
/home/neil/Documents/cs4098/check/tests/check_check_sub.c:60:F:Simple Tests:test_fail_unless:0: This test should fail
/home/neil/Documents/cs4098/check/tests/check_check_sub.c:68:P:Simple Tests:test_fail_if_pass:0: Passed
/home/neil/Documents/cs4098/check/tests/check_check_sub.c:76:F:Simple Tests:test_fail_if_fail:0: This test should fail
/home/neil/Documents/cs4098/check/tests/check_check_sub.c:84:F:Simple Tests:test_fail_null_msg:0: Assertion '2 == 3' failed
/home/neil/Documents/cs4098/check/tests/check_check_sub.c:95:F:Simple Tests:test_fail_no_msg:0: Assertion '4 == 5' failed
/home/neil/Documents/cs4098/check/tests/check_check_sub.c:103:F:Simple Tests:test_fail_if_null_msg:0: Failure '2 != 3' occurred
/home/neil/Documents/cs4098/check/tests/check_check_sub.c:114:F:Simple Tests:test_fail_if_no_msg:0: Failure '4 != 5' occurred
/home/neil/Documents/cs4098/check/tests/check_check_sub.c:124:F:Simple Tests:test_fail_vararg_msg_1:0: 3 != 4
/home/neil/Documents/cs4098/check/tests/check_check_sub.c:134:F:Simple Tests:test_fail_vararg_msg_2:0: 5 != 6
/home/neil/Documents/cs4098/check/tests/check_check_sub.c:144:F:Simple Tests:test_fail_vararg_msg_3:0: 7 == 7
/home/neil/Documents/cs4098/check/tests/check_check_sub.c:156:F:Simple Tests:test_fail_empty:0: Failed
/home/neil/Documents/cs4098/check/tests/check_check_sub.c:165:F:Simple Tests:test_ck_abort:0: Failed
/home/neil/Documents/cs4098/check/tests/check_check_sub.c:173:F:Simple Tests:test_ck_abort_msg:0: Failure expected
/home/neil/Documents/cs4098/check/tests/check_check_sub.c:182:F:Simple Tests:test_ck_abort_msg_null:0: Failed
/home/neil/Documents/cs4098/check/tests/check_check_sub.c:201:F:Simple Tests:test_ck_assert:0: Assertion 'x == y' failed
/home/neil/Documents/cs4098/check/tests/check_check_sub.c:209:F:Simple Tests:test_ck_assert_null:0: Assertion '0' failed
/home/neil/Documents/cs4098/check/tests/check_check_sub.c:218:F:Simple Tests:test_ck_assert_with_mod:0: Assertion '1%f == 1' failed
/home/neil/Documents/cs4098/check/tests/check_check_sub.c:230:F:Simple Tests:test_ck_assert_int_eq:0: Assertion 'x == y' failed: x == 3, y == 4
/home/neil/Documents/cs4098/check/tests/check_check_sub.c:240:F:Simple Tests:test_ck_assert_int_eq_with_mod:0: Assertion '3%d == 2%f' failed: 3%d == 1, 2%f == 0
/home/neil/Documents/cs4098/check/tests/check_check_sub.c:252:F:Simple Tests:test_ck_assert_int_ne:0: Assertion 'x != y' failed: x == 3, y == 3
/home/neil/Documents/cs4098/check/tests/check_check_sub.c:262:F:Simple Tests:test_ck_assert_int_ne_with_mod:0: Assertion '3%d != 3%f' failed: 3%d == 1, 3%f == 1
/home/neil/Documents/cs4098/check/tests/check_check_sub.c:273:F:Simple Tests:test_ck_assert_int_lt:0: Assertion 'x < x' failed: x == 2, x == 2
/home/neil/Documents/cs4098/check/tests/check_check_sub.c:283:F:Simple Tests:test_ck_assert_int_lt_with_mod:0: Assertion '3%d < 3%f' failed: 3%d == 1, 3%f == 0
/home/neil/Documents/cs4098/check/tests/check_check_sub.c:295:F:Simple Tests:test_ck_assert_int_le:0: Assertion 'y <= x' failed: y == 3, x == 2
/home/neil/Documents/cs4098/check/tests/check_check_sub.c:305:F:Simple Tests:test_ck_assert_int_le_with_mod:0: Assertion '3%d <= 2%f' failed: 3%d == 1, 2%f == 0
/home/neil/Documents/cs4098/check/tests/check_check_sub.c:316:F:Simple Tests:test_ck_assert_int_gt:0: Assertion 'y > y' failed: y == 3, y == 3
/home/neil/Documents/cs4098/check/tests/check_check_sub.c:326:F:Simple Tests:test_ck_assert_int_gt_with_mod:0: Assertion '3%d > 3%f' failed: 3%d == 0, 3%f == 1
/home/neil/Documents/cs4098/check/tests/check_check_sub.c:338:F:Simple Tests:test_ck_assert_int_ge:0: Assertion 'x >= y' failed: x == 2, y == 3
/home/neil/Documents/cs4098/check/tests/check_check_sub.c:348:F:Simple Tests:test_ck_assert_int_ge_with_mod:0: Assertion '3%d >= 4%f' failed: 3%d == 0, 4%f == 1
/home/neil/Documents/cs4098/check/tests/check_check_sub.c:358:P:Simple Tests:test_ck_assert_int_expr:0: Passed
/home/neil/Documents/cs4098/check/tests/check_check_sub.c:369:F:Simple Tests:test_ck_assert_uint_eq:0: Assertion 'x == y' failed: x == 3, y == 4
/home/neil/Documents/cs4098/check/tests/check_check_sub.c:379:F:Simple Tests:test_ck_assert_uint_eq_with_mod:0: Assertion '3%d == 1%f' failed: 3%d == 1, 1%f == 0
/home/neil/Documents/cs4098/check/tests/check_check_sub.c:391:F:Simple Tests:test_ck_assert_uint_ne:0: Assertion 'x != y' failed: x == 3, y == 3
/home/neil/Documents/cs4098/check/tests/check_check_sub.c:401:F:Simple Tests:test_ck_assert_uint_ne_with_mod:0: Assertion '1%d != 1%f' failed: 1%d == 0, 1%f == 0
/home/neil/Documents/cs4098/check/tests/check_check_sub.c:412:F:Simple Tests:test_ck_assert_uint_lt:0: Assertion 'x < x' failed: x == 2, x == 2
/home/neil/Documents/cs4098/check/tests/check_check_sub.c:422:F:Simple Tests:test_ck_assert_uint_lt_with_mod:0: Assertion '3%d < 1%f' failed: 3%d == 1, 1%f == 0
/home/neil/Documents/cs4098/check/tests/check_check_sub.c:434:F:Simple Tests:test_ck_assert_uint_le:0: Assertion 'y <= x' failed: y == 3, x == 2
/home/neil/Documents/cs4098/check/tests/check_check_sub.c:444:F:Simple Tests:test_ck_assert_uint_le_with_mod:0: Assertion '3%d <= 1%f' failed: 3%d == 1, 1%f == 0
/home/neil/Documents/cs4098/check/tests/check_check_sub.c:455:F:Simple Tests:test_ck_assert_uint_gt:0: Assertion 'y > y' failed: y == 3, y == 3
/home/neil/Documents/cs4098/check/tests/check_check_sub.c:465:F:Simple Tests:test_ck_assert_uint_gt_with_mod:0: Assertion '1%d > 3%f' failed: 1%d == 0, 3%f == 1
/home/neil/Documents/cs4098/check/tests/check_check_sub.c:477:F:Simple Tests:test_ck_assert_uint_ge:0: Assertion 'x >= y' failed: x == 2, y == 3
/home/neil/Documents/cs4098/check/tests/check_check_sub.c:487:F:Simple Tests:test_ck_assert_uint_ge_with_mod:0: Assertion '1%d >= 3%f' failed: 1%d == 0, 3%f == 1
/home/neil/Documents/cs4098/check/tests/check_check_sub.c:497:P:Simple Tests:test_ck_assert_uint_expr:0: Passed
/home/neil/Documents/cs4098/check/tests/check_check_sub.c:509:F:Simple Tests:test_ck_assert_float_eq:0: Assertion 'x == y' failed: x == 1.1, y == 1.2
/home/neil/Documents/cs4098/check/tests/check_check_sub.c:520:F:Simple Tests:test_ck_assert_float_eq_with_mod:0: Assertion '3%d == 2%f' failed: 3%d == 1, 2%f == 0
/home/neil/Documents/cs4098/check/tests/check_check_sub.c:533:F:Simple Tests:test_ck_assert_float_ne:0: Assertion 'x != y' failed: x == 1.1, y == 1.1
/home/neil/Documents/cs4098/check/tests/check_check_sub.c:544:F:Simple Tests:test_ck_assert_float_ne_with_mod:0: Assertion '1%d != 1%f' failed: 1%d == 1, 1%f == 1
/home/neil/Documents/cs4098/check/tests/check_check_sub.c:557:F:Simple Tests:test_ck_assert_float_lt:0: Assertion 'x < y' failed: x == 2, y == 1.5
/home/neil/Documents/cs4098/check/tests/check_check_sub.c:568:F:Simple Tests:test_ck_assert_float_lt_with_mod:0: Assertion '3%d < 2%f' failed: 3%d == 1, 2%f == 0
/home/neil/Documents/cs4098/check/tests/check_check_sub.c:582:F:Simple Tests:test_ck_assert_float_le:0: Assertion 'x <= y' failed: x == 2, y == 1.5
/home/neil/Documents/cs4098/check/tests/check_check_sub.c:593:F:Simple Tests:test_ck_assert_float_le_with_mod:0: Assertion '3%d <= 2%f' failed: 3%d == 1, 2%f == 0
/home/neil/Documents/cs4098/check/tests/check_check_sub.c:606:F:Simple Tests:test_ck_assert_float_gt:0: Assertion 'x > y' failed: x == 2.5, y == 3
/home/neil/Documents/cs4098/check/tests/check_check_sub.c:617:F:Simple Tests:test_ck_assert_float_gt_with_mod:0: Assertion '2%d > 3%f' failed: 2%d == 0, 3%f == 1
/home/neil/Documents/cs4098/check/tests/check_check_sub.c:631:F:Simple Tests:test_ck_assert_float_ge:0: Assertion 'x >= y' failed: x == 2.5, y == 3
/home/neil/Documents/cs4098/check/tests/check_check_sub.c:642:F:Simple Tests:test_ck_assert_float_ge_with_mod:0: Assertion '2%d >= 3%f' failed: 2%d == 0, 3%f == 1
/home/neil/Documents/cs4098/check/tests/check_check_sub.c:678:P:Simple Tests:test_ck_assert_float_with_expr:0: Passed
/home/neil/Documents/cs4098/check/tests/check_check_sub.c:697:F:Simple Tests:test_ck_assert_float_eq_tol:0: Assertion 'fabsl(y - x) < t' failed: x == 0.001, y == 0.003, t == 0.001
/home/neil/Documents/cs4098/check/tests/check_check_sub.c:709:F:Simple Tests:test_ck_assert_float_eq_tol_with_mod:0: Assertion 'fabsl(2%f - 3%d) < 2%p' failed: 3%d == 1, 2%f == 0, 2%p == 0
/home/neil/Documents/cs4098/check/tests/check_check_sub.c:727:F:Simple Tests:test_ck_assert_float_ne_tol:0: Assertion 'fabsl(y - x) >= t' failed: x == 0.001, y == 0.002, t == 0.01
/home/neil/Documents/cs4098/check/tests/check_check_sub.c:739:F:Simple Tests:test_ck_assert_float_ne_tol_with_mod:0: Assertion 'fabsl(3%f - 3%d) >= 3%p' failed: 3%d == 1, 3%f == 1, 3%p == 1
/home/neil/Documents/cs4098/check/tests/check_check_sub.c:760:F:Simple Tests:test_ck_assert_float_ge_tol:0: Assertion 'x >= y, error < t' failed: x == 0.01, y == 0.03, t == 0.01
/home/neil/Documents/cs4098/check/tests/check_check_sub.c:772:F:Simple Tests:test_ck_assert_float_ge_tol_with_mod:0: Assertion '2%d >= 3%f, error < 3%p' failed: 2%d == 0, 3%f == 1, 3%p == 1
/home/neil/Documents/cs4098/check/tests/check_check_sub.c:793:F:Simple Tests:test_ck_assert_float_le_tol:0: Assertion 'y <= x, error < t' failed: y == 0.03, x == 0.01, t == 0.01
/home/neil/Documents/cs4098/check/tests/check_check_sub.c:805:F:Simple Tests:test_ck_assert_float_le_tol_with_mod:0: Assertion '3%d <= 2%f, error < 3%p' failed: 3%d == 1, 2%f == 0, 3%p == 1
/home/neil/Documents/cs4098/check/tests/check_check_sub.c:834:P:Simple Tests:test_ck_assert_float_tol_with_expr:0: Passed
/home/neil/Documents/cs4098/check/tests/check_check_sub.c:848:F:Simple Tests:test_ck_assert_float_finite:0: Assertion 'x is finite' failed: x == inf
/home/neil/Documents/cs4098/check/tests/check_check_sub.c:860:F:Simple Tests:test_ck_assert_float_finite_with_mod:0: Assertion 'x*(1%d) is finite' failed: x*(1%d) == inf
/home/neil/Documents/cs4098/check/tests/check_check_sub.c:875:F:Simple Tests:test_ck_assert_float_infinite:0: Assertion 'x is infinite' failed: x == 0
/home/neil/Documents/cs4098/check/tests/check_check_sub.c:885:F:Simple Tests:test_ck_assert_float_infinite_with_mod:0: Assertion '2%d is infinite' failed: 2%d == 0
/home/neil/Documents/cs4098/check/tests/check_check_sub.c:898:F:Simple Tests:test_ck_assert_float_nan:0: Assertion 'x is NaN' failed: x == inf
/home/neil/Documents/cs4098/check/tests/check_check_sub.c:908:F:Simple Tests:test_ck_assert_float_nan_with_mod:0: Assertion '2%d is NaN' failed: 2%d == 0
/home/neil/Documents/cs4098/check/tests/check_check_sub.c:922:F:Simple Tests:test_ck_assert_float_nonnan:0: Assertion 'x is not NaN' failed: x == -nan
/home/neil/Documents/cs4098/check/tests/check_check_sub.c:937:F:Simple Tests:test_ck_assert_float_nonnan_with_mod:0: Assertion '(2%s)*x is not NaN' failed: (2%s)*x == -nan
/home/neil/Documents/cs4098/check/tests/check_check_sub.c:955:P:Simple Tests:test_ck_assert_float_nan_and_inf_with_expr:0: Passed
/home/neil/Documents/cs4098/check/tests/check_check_sub.c:968:F:Simple Tests:test_ck_assert_double_eq:0: Assertion 'x == y' failed: x == 1.1, y == 1.2
/home/neil/Documents/cs4098/check/tests/check_check_sub.c:979:F:Simple Tests:test_ck_assert_double_eq_with_mod:0: Assertion '3%d == 2%f' failed: 3%d == 1, 2%f == 0
/home/neil/Documents/cs4098/check/tests/check_check_sub.c:989:P:Simple Tests:test_ck_assert_double_eq_with_promotion:0: Passed
/home/neil/Documents/cs4098/check/tests/check_check_sub.c:999:F:Simple Tests:test_ck_assert_double_eq_with_conv:0: Assertion 'x == 0.1' failed: x == 0.1, 0.1 == 0.1
/home/neil/Documents/cs4098/check/tests/check_check_sub.c:1012:F:Simple Tests:test_ck_assert_double_ne:0: Assertion 'x != y' failed: x == 1.1, y == 1.1
/home/neil/Documents/cs4098/check/tests/check_check_sub.c:1023:F:Simple Tests:test_ck_assert_double_ne_with_mod:0: Assertion '1%d != 1%f' failed: 1%d == 1, 1%f == 1
/home/neil/Documents/cs4098/check/tests/check_check_sub.c:1036:F:Simple Tests:test_ck_assert_double_lt:0: Assertion 'x < y' failed: x == 2, y == 1.5
/home/neil/Documents/cs4098/check/tests/check_check_sub.c:1047:F:Simple Tests:test_ck_assert_double_lt_with_mod:0: Assertion '3%d < 2%f' failed: 3%d == 1, 2%f == 0
/home/neil/Documents/cs4098/check/tests/check_check_sub.c:1061:F:Simple Tests:test_ck_assert_double_le:0: Assertion 'x <= y' failed: x == 2, y == 1.5
/home/neil/Documents/cs4098/check/tests/check_check_sub.c:1072:F:Simple Tests:test_ck_assert_double_le_with_mod:0: Assertion '3%d <= 2%f' failed: 3%d == 1, 2%f == 0
/home/neil/Documents/cs4098/check/tests/check_check_sub.c:1085:F:Simple Tests:test_ck_assert_double_gt:0: Assertion 'x > y' failed: x == 2.5, y == 3
/home/neil/Documents/cs4098/check/tests/check_check_sub.c:1096:F:Simple Tests:test_ck_assert_double_gt_with_mod:0: Assertion '2%d > 3%f' failed: 2%d == 0, 3%f == 1
/home/neil/Documents/cs4098/check/tests/check_check_sub.c:1110:F:Simple Tests:test_ck_assert_double_ge:0: Assertion 'x >= y' failed: x == 2.5, y == 3
/home/neil/Documents/cs4098/check/tests/check_check_sub.c:1121:F:Simple Tests:test_ck_assert_double_ge_with_mod:0: Assertion '2%d >= 3%f' failed: 2%d == 0, 3%f == 1
/home/neil/Documents/cs4098/check/tests/check_check_sub.c:1157:P:Simple Tests:test_ck_assert_double_with_expr:0: Passed
/home/neil/Documents/cs4098/check/tests/check_check_sub.c:1176:F:Simple Tests:test_ck_assert_double_eq_tol:0: Assertion 'fabsl(y - x) < t' failed: x == 0.001, y == 0.002, t == 0.001
/home/neil/Documents/cs4098/check/tests/check_check_sub.c:1188:F:Simple Tests:test_ck_assert_double_eq_tol_with_mod:0: Assertion 'fabsl(2%f - 3%d) < 2%p' failed: 3%d == 1, 2%f == 0, 2%p == 0
/home/neil/Documents/cs4098/check/tests/check_check_sub.c:1206:F:Simple Tests:test_ck_assert_double_ne_tol:0: Assertion 'fabsl(y - x) >= t' failed: x == 0.001, y == 0.002, t == 0.01
/home/neil/Documents/cs4098/check/tests/check_check_sub.c:1218:F:Simple Tests:test_ck_assert_double_ne_tol_with_mod:0: Assertion 'fabsl(3%f - 3%d) >= 3%p' failed: 3%d == 1, 3%f == 1, 3%p == 1
/home/neil/Documents/cs4098/check/tests/check_check_sub.c:1239:F:Simple Tests:test_ck_assert_double_ge_tol:0: Assertion 'x >= y, error < t' failed: x == 0.01, y == 0.03, t == 0.01
/home/neil/Documents/cs4098/check/tests/check_check_sub.c:1251:F:Simple Tests:test_ck_assert_double_ge_tol_with_mod:0: Assertion '2%d >= 3%f, error < 3%p' failed: 2%d == 0, 3%f == 1, 3%p == 1
/home/neil/Documents/cs4098/check/tests/check_check_sub.c:1272:F:Simple Tests:test_ck_assert_double_le_tol:0: Assertion 'y <= x, error < t' failed: y == 0.03, x == 0.01, t == 0.01
/home/neil/Documents/cs4098/check/tests/check_check_sub.c:1284:F:Simple Tests:test_ck_assert_double_le_tol_with_mod:0: Assertion '3%d <= 2%f, error < 3%p' failed: 3%d == 1, 2%f == 0, 3%p == 1
/home/neil/Documents/cs4098/check/tests/check_check_sub.c:1313:P:Simple Tests:test_ck_assert_double_tol_with_expr:0: Passed
/home/neil/Documents/cs4098/check/tests/check_check_sub.c:1327:F:Simple Tests:test_ck_assert_double_finite:0: Assertion 'x is finite' failed: x == inf
/home/neil/Documents/cs4098/check/tests/check_check_sub.c:1339:F:Simple Tests:test_ck_assert_double_finite_with_mod:0: Assertion 'x*(1%d) is finite' failed: x*(1%d) == inf
/home/neil/Documents/cs4098/check/tests/check_check_sub.c:1354:F:Simple Tests:test_ck_assert_double_infinite:0: Assertion 'x is infinite' failed: x == 0
/home/neil/Documents/cs4098/check/tests/check_check_sub.c:1364:F:Simple Tests:test_ck_assert_double_infinite_with_mod:0: Assertion '2%d is infinite' failed: 2%d == 0
/home/neil/Documents/cs4098/check/tests/check_check_sub.c:1377:F:Simple Tests:test_ck_assert_double_nan:0: Assertion 'x is NaN' failed: x == inf
/home/neil/Documents/cs4098/check/tests/check_check_sub.c:1387:F:Simple Tests:test_ck_assert_double_nan_with_mod:0: Assertion '2%d is NaN' failed: 2%d == 0
/home/neil/Documents/cs4098/check/tests/check_check_sub.c:1401:F:Simple Tests:test_ck_assert_double_nonnan:0: Assertion 'x is not NaN' failed: x == -nan
/home/neil/Documents/cs4098/check/tests/check_check_sub.c:1416:F:Simple Tests:test_ck_assert_double_nonnan_with_mod:0: Assertion '(2%s)*x is not NaN' failed: (2%s)*x == -nan
/home/neil/Documents/cs4098/check/tests/check_check_sub.c:1434:P:Simple Tests:test_ck_assert_double_nan_and_inf_with_expr:0: Passed
/home/neil/Documents/cs4098/check/tests/check_check_sub.c:1447:F:Simple Tests:test_ck_assert_ldouble_eq:0: Assertion 'x == y' failed: x == 1.1, y == 1.2
/home/neil/Documents/cs4098/check/tests/check_check_sub.c:1458:F:Simple Tests:test_ck_assert_ldouble_eq_with_mod:0: Assertion '3%d == 2%f' failed: 3%d == 1, 2%f == 0
/home/neil/Documents/cs4098/check/tests/check_check_sub.c:1468:P:Simple Tests:test_ck_assert_ldouble_eq_with_promotion:0: Passed
/home/neil/Documents/cs4098/check/tests/check_check_sub.c:1480:F:Simple Tests:test_ck_assert_ldouble_eq_with_conv:0: Assertion 'x == 1.1' failed: x == 1.1, 1.1 == 1.1
/home/neil/Documents/cs4098/check/tests/check_check_sub.c:1493:F:Simple Tests:test_ck_assert_ldouble_ne:0: Assertion 'x != y' failed: x == 1.1, y == 1.1
/home/neil/Documents/cs4098/check/tests/check_check_sub.c:1504:F:Simple Tests:test_ck_assert_ldouble_ne_with_mod:0: Assertion '1%d != 1%f' failed: 1%d == 1, 1%f == 1
/home/neil/Documents/cs4098/check/tests/check_check_sub.c:1517:F:Simple Tests:test_ck_assert_ldouble_lt:0: Assertion 'x < y' failed: x == 2, y == 1.5
/home/neil/Documents/cs4098/check/tests/check_check_sub.c:1528:F:Simple Tests:test_ck_assert_ldouble_lt_with_mod:0: Assertion '3%d < 2%f' failed: 3%d == 1, 2%f == 0
/home/neil/Documents/cs4098/check/tests/check_check_sub.c:1542:F:Simple Tests:test_ck_assert_ldouble_le:0: Assertion 'x <= y' failed: x == 2, y == 1.5
/home/neil/Documents/cs4098/check/tests/check_check_sub.c:1553:F:Simple Tests:test_ck_assert_ldouble_le_with_mod:0: Assertion '3%d <= 2%f' failed: 3%d == 1, 2%f == 0
/home/neil/Documents/cs4098/check/tests/check_check_sub.c:1566:F:Simple Tests:test_ck_assert_ldouble_gt:0: Assertion 'x > y' failed: x == 2.5, y == 3
/home/neil/Documents/cs4098/check/tests/check_check_sub.c:1577:F:Simple Tests:test_ck_assert_ldouble_gt_with_mod:0: Assertion '2%d > 3%f' failed: 2%d == 0, 3%f == 1
/home/neil/Documents/cs4098/check/tests/check_check_sub.c:1591:F:Simple Tests:test_ck_assert_ldouble_ge:0: Assertion 'x >= y' failed: x == 2.5, y == 3
/home/neil/Documents/cs4098/check/tests/check_check_sub.c:1602:F:Simple Tests:test_ck_assert_ldouble_ge_with_mod:0: Assertion '2%d >= 3%f' failed: 2%d == 0, 3%f == 1
/home/neil/Documents/cs4098/check/tests/check_check_sub.c:1638:P:Simple Tests:test_ck_assert_ldouble_with_expr:0: Passed
/home/neil/Documents/cs4098/check/tests/check_check_sub.c:1657:F:Simple Tests:test_ck_assert_ldouble_eq_tol:0: Assertion 'fabsl(y - x) < t' failed: x == 0.001, y == 0.002, t == 0.001
/home/neil/Documents/cs4098/check/tests/check_check_sub.c:1669:F:Simple Tests:test_ck_assert_ldouble_eq_tol_with_mod:0: Assertion 'fabsl(2%f - 3%d) < 2%p' failed: 3%d == 1, 2%f == 0, 2%p == 0
/home/neil/Documents/cs4098/check/tests/check_check_sub.c:1687:F:Simple Tests:test_ck_assert_ldouble_ne_tol:0: Assertion 'fabsl(y - x) >= t' failed: x == 0.001, y == 0.002, t == 0.01
/home/neil/Documents/cs4098/check/tests/check_check_sub.c:1699:F:Simple Tests:test_ck_assert_ldouble_ne_tol_with_mod:0: Assertion 'fabsl(3%f - 3%d) >= 3%p' failed: 3%d == 1, 3%f == 1, 3%p == 1
/home/neil/Documents/cs4098/check/tests/check_check_sub.c:1720:F:Simple Tests:test_ck_assert_ldouble_ge_tol:0: Assertion 'x >= y, error < t' failed: x == 0.01, y == 0.03, t == 0.01
/home/neil/Documents/cs4098/check/tests/check_check_sub.c:1732:F:Simple Tests:test_ck_assert_ldouble_ge_tol_with_mod:0: Assertion '2%d >= 3%f, error < 3%p' failed: 2%d == 0, 3%f == 1, 3%p == 1
/home/neil/Documents/cs4098/check/tests/check_check_sub.c:1753:F:Simple Tests:test_ck_assert_ldouble_le_tol:0: Assertion 'y <= x, error < t' failed: y == 0.03, x == 0.01, t == 0.01
/home/neil/Documents/cs4098/check/tests/check_check_sub.c:1765:F:Simple Tests:test_ck_assert_ldouble_le_tol_with_mod:0: Assertion '3%d <= 2%f, error < 3%p' failed: 3%d == 1, 2%f == 0, 3%p == 1
/home/neil/Documents/cs4098/check/tests/check_check_sub.c:1794:P:Simple Tests:test_ck_assert_ldouble_tol_with_expr:0: Passed
/home/neil/Documents/cs4098/check/tests/check_check_sub.c:1808:F:Simple Tests:test_ck_assert_ldouble_finite:0: Assertion 'x is finite' failed: x == inf
/home/neil/Documents/cs4098/check/tests/check_check_sub.c:1820:F:Simple Tests:test_ck_assert_ldouble_finite_with_mod:0: Assertion 'x*(1%d) is finite' failed: x*(1%d) == inf
/home/neil/Documents/cs4098/check/tests/check_check_sub.c:1835:F:Simple Tests:test_ck_assert_ldouble_infinite:0: Assertion 'x is infinite' failed: x == 0
/home/neil/Documents/cs4098/check/tests/check_check_sub.c:1845:F:Simple Tests:test_ck_assert_ldouble_infinite_with_mod:0: Assertion '2%d is infinite' failed: 2%d == 0
/home/neil/Documents/cs4098/check/tests/check_check_sub.c:1858:F:Simple Tests:test_ck_assert_ldouble_nan:0: Assertion 'x is NaN' failed: x == inf
/home/neil/Documents/cs4098/check/tests/check_check_sub.c:1868:F:Simple Tests:test_ck_assert_ldouble_nan_with_mod:0: Assertion '2%d is NaN' failed: 2%d == 0
/home/neil/Documents/cs4098/check/tests/check_check_sub.c:1882:F:Simple Tests:test_ck_assert_ldouble_nonnan:0: Assertion 'x is not NaN' failed: x == -nan
/home/neil/Documents/cs4098/check/tests/check_check_sub.c:1897:F:Simple Tests:test_ck_assert_ldouble_nonnan_with_mod:0: Assertion '(2%s)*x is not NaN' failed: (2%s)*x == -nan
/home/neil/Documents/cs4098/check/tests/check_check_sub.c:1915:P:Simple Tests:test_ck_assert_ldouble_nan_and_inf_with_expr:0: Passed
/home/neil/Documents/cs4098/check/tests/check_check_sub.c:1932:F:Simple Tests:test_percent_n_escaped:0: Assertion 'returnsZero("%n") == 1' failed: returnsZero("%n") == 0, 1 == 1
/home/neil/Documents/cs4098/check/tests/check_check_sub.c:1942:F:Simple Tests:test_ck_assert_str_eq:0: Assertion '"test1" == s' failed: "test1" == "test1", s == "test2"
/home/neil/Documents/cs4098/check/tests/check_check_sub.c:1953:F:Simple Tests:test_ck_assert_str_eq_with_null:0: Assertion 't == s' failed: t == (null), s == (null)
/home/neil/Documents/cs4098/check/tests/check_check_sub.c:1966:F:Simple Tests:test_ck_assert_str_ne:0: Assertion 't != s' failed: t == "test2", s == "test2"
/home/neil/Documents/cs4098/check/tests/check_check_sub.c:1977:F:Simple Tests:test_ck_assert_str_ne_with_null:0: Assertion 't != s' failed: t == "test", s == (null)
/home/neil/Documents/cs4098/check/tests/check_check_sub.c:1989:F:Simple Tests:test_ck_assert_str_lt:0: Assertion 's < s' failed: s == "test1", s == "test1"
/home/neil/Documents/cs4098/check/tests/check_check_sub.c:2000:F:Simple Tests:test_ck_assert_str_lt_with_null:0: Assertion 's < t' failed: s == (null), t == "test"
/home/neil/Documents/cs4098/check/tests/check_check_sub.c:2013:F:Simple Tests:test_ck_assert_str_le:0: Assertion 't <= s' failed: t == "test2", s == "test1"
/home/neil/Documents/cs4098/check/tests/check_check_sub.c:2024:F:Simple Tests:test_ck_assert_str_le_with_null:0: Assertion 't <= s' failed: t == (null), s == (null)
/home/neil/Documents/cs4098/check/tests/check_check_sub.c:2036:F:Simple Tests:test_ck_assert_str_gt:0: Assertion 't > t' failed: t == "test2", t == "test2"
/home/neil/Documents/cs4098/check/tests/check_check_sub.c:2047:F:Simple Tests:test_ck_assert_str_gt_with_null:0: Assertion 't > s' failed: t == "test", s == (null)
/home/neil/Documents/cs4098/check/tests/check_check_sub.c:2060:F:Simple Tests:test_ck_assert_str_ge:0: Assertion 's >= t' failed: s == "test1", t == "test2"
/home/neil/Documents/cs4098/check/tests/check_check_sub.c:2071:F:Simple Tests:test_ck_assert_str_ge_with_null:0: Assertion 's >= t' failed: s == (null), t == (null)
/home/neil/Documents/cs4098/check/tests/check_check_sub.c:2083:P:Simple Tests:test_ck_assert_str_expr:0: Passed
/home/neil/Documents/cs4098/check/tests/check_check_sub.c:2095:F:Simple Tests:test_ck_assert_pstr_eq:0: Assertion '"test1" == s' failed: "test1" == "test1", s == "test"
/home/neil/Documents/cs4098/check/tests/check_check_sub.c:2106:F:Simple Tests:test_ck_assert_pstr_eq_with_null:0: Assertion 't == s' failed: t == "test", s == (null)
/home/neil/Documents/cs4098/check/tests/check_check_sub.c:2120:F:Simple Tests:test_ck_assert_pstr_ne:0: Assertion 't != s' failed: t == "test2", s == "test2"
/home/neil/Documents/cs4098/check/tests/check_check_sub.c:2131:F:Simple Tests:test_ck_assert_pstr_ne_with_null:0: Assertion 't != s' failed: t == (null), s == (null)
/home/neil/Documents/cs4098/check/tests/check_check_sub.c:2143:F:Simple Tests:test_ck_assert_ptr_eq:0: Assertion 'x == y' failed: x == 0x1, y == 0x2
/home/neil/Documents/cs4098/check/tests/check_check_sub.c:2157:F:Simple Tests:test_ck_assert_ptr_ne:0: Assertion 'x != z' failed: x == 0x1, z == 0x1
/home/neil/Documents/cs4098/check/tests/check_check_sub.c:2169:F:Simple Tests:test_ck_assert_ptr_null:0: Assertion 'x == NULL' failed: x == 0x1
/home/neil/Documents/cs4098/check/tests/check_check_sub.c:2181:F:Simple Tests:test_ck_assert_ptr_nonnull:0: Assertion 'x != NULL' failed: x == 0
/home/neil/Documents/cs4098/check/tests/check_check_sub.c:2191:F:Simple Tests:test_ck_assert_mem_eq:0: Assertion '"\x00\x00\x00\x00\x01" == s' failed: "\x00\x00\x00\x00\x01" == "0000000001", s == "0000000002"
/home/neil/Documents/cs4098/check/tests/check_check_sub.c:2203:F:Simple Tests:test_ck_assert_mem_ne:0: Assertion 't != s' failed: t == "0000000002", s == "0000000002"
/home/neil/Documents/cs4098/check/tests/check_check_sub.c:2214:F:Simple Tests:test_ck_assert_mem_lt:0: Assertion 's < s' failed: s == "0000000001", s == "0000000001"
/home/neil/Documents/cs4098/check/tests/check_check_sub.c:2226:F:Simple Tests:test_ck_assert_mem_le:0: Assertion 't <= s' failed: t == "0000000002", s == "0000000001"
/home/neil/Documents/cs4098/check/tests/check_check_sub.c:2237:F:Simple Tests:test_ck_assert_mem_gt:0: Assertion 't > t' failed: t == "0000000002", t == "0000000002"
/home/neil/Documents/cs4098/check/tests/check_check_sub.c:2249:F:Simple Tests:test_ck_assert_mem_ge:0: Assertion 's >= t' failed: s == "0000000001", t == "0000000002"
/home/neil/Documents/cs4098/check/tests/check_check_sub.c:2258:P:Simple Tests:test_ck_assert_mem_zerolen:0: Passed
/home/neil/Documents/cs4098/check/tests/check_check_sub.c:2268:F:Simple Tests:test_ck_assert_mem_eq_exact:0: Assertion 't == s' failed: t == "00000000000000000000000000000000000000000000000000000000000000000000000000000000000000000000000000000000000000000000000000000001", s == "00000000000000000000000000000000000000000000000000000000000000000000000000000000000000000000000000000000000000000000000000000002"
/home/neil/Documents/cs4098/check/tests/check_check_sub.c:2278:F:Simple Tests:test_ck_assert_mem_eq_longer:0: Assertion 't == s' failed: t == "000000000000000000000000000000000000000000000000000000000000000000000000000000000000000000000000000000000000000000000000000000..", s == "000000000000000000000000000000000000000000000000000000000000000000000000000000000000000000000000000000000000000000000000000000.."
/home/neil/Documents/cs4098/check/tests/check_check_sub.c:2294:E:Signal Tests:test_segv:0: (after this point) Received signal 11 (Segmentation fault)
/home/neil/Documents/cs4098/check/tests/check_check_sub.c:2283:P:Signal Tests:test_segv_pass:0: Passed
/home/neil/Documents/cs4098/check/tests/check_check_sub.c:2294:E:Signal Tests:test_segv:0: (after this point) Received signal 11 (Segmentation fault), expected 8 (Floating point exception)
/home/neil/Documents/cs4098/check/tests/check_check_sub.c:2320:F:Signal Tests:test_non_signal_8:0: Early exit with return value 0
/home/neil/Documents/cs4098/check/tests/check_check_sub.c:60:F:Signal Tests:test_fail_unless:0: Early exit with return value 1
/home/neil/Documents/cs4098/check/tests/check_check_sub.c:2307:E:Signal Tests:test_fpe:0: (after this point) Received signal 8 (Floating point exception)
/home/neil/Documents/cs4098/check/tests/check_check_sub.c:2342:E:Signal Tests:test_mark_point:0: (after this point) Received signal 8 (Floating point exception)
/home/neil/Documents/cs4098/check/tests/check_check_sub.c:2353:E:Environment Integer Timeout Tests:test_eternal_fail:0: (after this point) Test timeout expired
/home/neil/Documents/cs4098/check/tests/check_check_sub.c:2390:P:Environment Integer Timeout Tests:test_sleep2_pass:0: Passed
/home/neil/Documents/cs4098/check/tests/check_check_sub.c:2405:P:Environment Integer Timeout Tests:test_sleep5_pass:0: Passed
/home/neil/Documents/cs4098/check/tests/check_check_sub.c:2427:E:Environment Integer Timeout Tests:test_sleep9_fail:0: (after this point) Test timeout expired
/home/neil/Documents/cs4098/check/tests/check_check_sub.c:2353:E:Environment Double Timeout Tests:test_eternal_fail:0: (after this point) Test timeout expired
/home/neil/Documents/cs4098/check/tests/check_check_sub.c:2367:P:Environment Double Timeout Tests:test_sleep0_025_pass:0: Passed
/home/neil/Documents/cs4098/check/tests/check_check_sub.c:2381:E:Environment Double Timeout Tests:test_sleep1_fail:0: (after this point) Test timeout expired
/home/neil/Documents/cs4098/check/tests/check_check_sub.c:2397:E:Environment Double Timeout Tests:test_sleep2_fail:0: (after this point) Test timeout expired
/home/neil/Documents/cs4098/check/tests/check_check_sub.c:2412:E:Environment Double Timeout Tests:test_sleep5_fail:0: (after this point) Test timeout expired
/home/neil/Documents/cs4098/check/tests/check_check_sub.c:2427:E:Environment Double Timeout Tests:test_sleep9_fail:0: (after this point) Test timeout expired
/home/neil/Documents/cs4098/check/tests/check_check_sub.c:2353:E:Default Timeout Tests:test_eternal_fail:0: (after this point) Test timeout expired
/home/neil/Documents/cs4098/check/tests/check_check_sub.c:2367:P:Default Timeout Tests:test_sleep0_025_pass:0: Passed
/home/neil/Documents/cs4098/check/tests/check_check_sub.c:2374:P:Default Timeout Tests:test_sleep1_pass:0: Passed
/home/neil/Documents/cs4098/check/tests/check_check_sub.c:2390:P:Default Timeout Tests:test_sleep2_pass:0: Passed
/home/neil/Documents/cs4098/check/tests/check_check_sub.c:2412:E:Default Timeout Tests:test_sleep5_fail:0: (after this point) Test timeout expired
/home/neil/Documents/cs4098/check/tests/check_check_sub.c:2427:E:Default Timeout Tests:test_sleep9_fail:0: (after this point) Test timeout expired
/home/neil/Documents/cs4098/check/tests/check_check_sub.c:2353:E:User Integer Timeout Tests:test_eternal_fail:0: (after this point) Test timeout expired
/home/neil/Documents/cs4098/check/tests/check_check_sub.c:2390:P:User Integer Timeout Tests:test_sleep2_pass:0: Passed
/home/neil/Documents/cs4098/check/tests/check_check_sub.c:2405:P:User Integer Timeout Tests:test_sleep5_pass:0: Passed
/home/neil/Documents/cs4098/check/tests/check_check_sub.c:2427:E:User Integer Timeout Tests:test_sleep9_fail:0: (after this point) Test timeout expired
/home/neil/Documents/cs4098/check/tests/check_check_sub.c:2353:E:User Double Timeout Tests:test_eternal_fail:0: (after this point) Test timeout expired
/home/neil/Documents/cs4098/check/tests/check_check_sub.c:2367:P:User Double Timeout Tests:test_sleep0_025_pass:0: Passed
/home/neil/Documents/cs4098/check/tests/check_check_sub.c:2381:E:User Double Timeout Tests:test_sleep1_fail:0: (after this point) Test timeout expired
/home/neil/Documents/cs4098/check/tests/check_check_sub.c:2397:E:User Double Timeout Tests:test_sleep2_fail:0: (after this point) Test timeout expired
/home/neil/Documents/cs4098/check/tests/check_check_sub.c:2412:E:User Double Timeout Tests:test_sleep5_fail:0: (after this point) Test timeout expired
/home/neil/Documents/cs4098/check/tests/check_check_sub.c:2427:E:User Double Timeout Tests:test_sleep9_fail:0: (after this point) Test timeout expired
/home/neil/Documents/cs4098/check/tests/check_check_sub.c:2353:E:Environment Integer Timeout Scaling Tests:test_eternal_fail:0: (after this point) Test timeout expired
/home/neil/Documents/cs4098/check/tests/check_check_sub.c:2367:P:Environment Integer Timeout Scaling Tests:test_sleep0_025_pass:0: Passed
/home/neil/Documents/cs4098/check/tests/check_check_sub.c:2374:P:Environment Integer Timeout Scaling Tests:test_sleep1_pass:0: Passed
/home/neil/Documents/cs4098/check/tests/check_check_sub.c:2390:P:Environment Integer Timeout Scaling Tests:test_sleep2_pass:0: Passed
/home/neil/Documents/cs4098/check/tests/check_check_sub.c:2405:P:Environment Integer Timeout Scaling Tests:test_sleep5_pass:0: Passed
/home/neil/Documents/cs4098/check/tests/check_check_sub.c:2420:P:Environment Integer Timeout Scaling Tests:test_sleep9_pass:0: Passed
/home/neil/Documents/cs4098/check/tests/check_check_sub.c:2435:E:Environment Integer Timeout Scaling Tests:test_sleep14_fail:0: (after this point) Test timeout expired
/home/neil/Documents/cs4098/check/tests/check_check_sub.c:2353:E:Environment Double Timeout Scaling Tests:test_eternal_fail:0: (after this point) Test timeout expired
/home/neil/Documents/cs4098/check/tests/check_check_sub.c:2367:P:Environment Double Timeout Scaling Tests:test_sleep0_025_pass:0: Passed
/home/neil/Documents/cs4098/check/tests/check_check_sub.c:2381:E:Environment Double Timeout Scaling Tests:test_sleep1_fail:0: (after this point) Test timeout expired
/home/neil/Documents/cs4098/check/tests/check_check_sub.c:2397:E:Environment Double Timeout Scaling Tests:test_sleep2_fail:0: (after this point) Test timeout expired
/home/neil/Documents/cs4098/check/tests/check_check_sub.c:2412:E:Environment Double Timeout Scaling Tests:test_sleep5_fail:0: (after this point) Test timeout expired
/home/neil/Documents/cs4098/check/tests/check_check_sub.c:2427:E:Environment Double Timeout Scaling Tests:test_sleep9_fail:0: (after this point) Test timeout expired
/home/neil/Documents/cs4098/check/tests/check_check_sub.c:2435:E:Environment Double Timeout Scaling Tests:test_sleep14_fail:0: (after this point) Test timeout expired
/home/neil/Documents/cs4098/check/tests/check_check_sub.c:2353:E:Timeout Integer Scaling Tests:test_eternal_fail:0: (after this point) Test timeout expired
/home/neil/Documents/cs4098/check/tests/check_check_sub.c:2367:P:Timeout Integer Scaling Tests:test_sleep0_025_pass:0: Passed
/home/neil/Documents/cs4098/check/tests/check_check_sub.c:2374:P:Timeout Integer Scaling Tests:test_sleep1_pass:0: Passed
/home/neil/Documents/cs4098/check/tests/check_check_sub.c:2390:P:Timeout Integer Scaling Tests:test_sleep2_pass:0: Passed
/home/neil/Documents/cs4098/check/tests/check_check_sub.c:2405:P:Timeout Integer Scaling Tests:test_sleep5_pass:0: Passed
/home/neil/Documents/cs4098/check/tests/check_check_sub.c:2427:E:Timeout Integer Scaling Tests:test_sleep9_fail:0: (after this point) Test timeout expired
/home/neil/Documents/cs4098/check/tests/check_check_sub.c:2353:E:Timeout Double Scaling Tests:test_eternal_fail:0: (after this point) Test timeout expired
/home/neil/Documents/cs4098/check/tests/check_check_sub.c:2367:P:Timeout Double Scaling Tests:test_sleep0_025_pass:0: Passed
/home/neil/Documents/cs4098/check/tests/check_check_sub.c:2374:P:Timeout Double Scaling Tests:test_sleep1_pass:0: Passed
/home/neil/Documents/cs4098/check/tests/check_check_sub.c:2397:E:Timeout Double Scaling Tests:test_sleep2_fail:0: (after this point) Test timeout expired
/home/neil/Documents/cs4098/check/tests/check_check_sub.c:2412:E:Timeout Double Scaling Tests:test_sleep5_fail:0: (after this point) Test timeout expired
/home/neil/Documents/cs4098/check/tests/check_check_sub.c:2427:E:Timeout Double Scaling Tests:test_sleep9_fail:0: (after this point) Test timeout expired
/home/neil/Documents/cs4098/check/tests/check_check_sub.c:2353:E:User Integer Timeout Scaling Tests:test_eternal_fail:0: (after this point) Test timeout expired
/home/neil/Documents/cs4098/check/tests/check_check_sub.c:2367:P:User Integer Timeout Scaling Tests:test_sleep0_025_pass:0: Passed
/home/neil/Documents/cs4098/check/tests/check_check_sub.c:2374:P:User Integer Timeout Scaling Tests:test_sleep1_pass:0: Passed
/home/neil/Documents/cs4098/check/tests/check_check_sub.c:2390:P:User Integer Timeout Scaling Tests:test_sleep2_pass:0: Passed
/home/neil/Documents/cs4098/check/tests/check_check_sub.c:2405:P:User Integer Timeout Scaling Tests:test_sleep5_pass:0: Passed
/home/neil/Documents/cs4098/check/tests/check_check_sub.c:2420:P:User Integer Timeout Scaling Tests:test_sleep9_pass:0: Passed
/home/neil/Documents/cs4098/check/tests/check_check_sub.c:2435:E:User Integer Timeout Scaling Tests:test_sleep14_fail:0: (after this point) Test timeout expired
/home/neil/Documents/cs4098/check/tests/check_check_sub.c:2353:E:User Double Timeout Scaling Tests:test_eternal_fail:0: (after this point) Test timeout expired
/home/neil/Documents/cs4098/check/tests/check_check_sub.c:2367:P:User Double Timeout Scaling Tests:test_sleep0_025_pass:0: Passed
/home/neil/Documents/cs4098/check/tests/check_check_sub.c:2381:E:User Double Timeout Scaling Tests:test_sleep1_fail:0: (after this point) Test timeout expired
/home/neil/Documents/cs4098/check/tests/check_check_sub.c:2397:E:User Double Timeout Scaling Tests:test_sleep2_fail:0: (after this point) Test timeout expired
/home/neil/Documents/cs4098/check/tests/check_check_sub.c:2412:E:User Double Timeout Scaling Tests:test_sleep5_fail:0: (after this point) Test timeout expired
/home/neil/Documents/cs4098/check/tests/check_check_sub.c:2427:E:User Double Timeout Scaling Tests:test_sleep9_fail:0: (after this point) Test timeout expired
/home/neil/Documents/cs4098/check/tests/check_check_sub.c:2435:E:User Double Timeout Scaling Tests:test_sleep14_fail:0: (after this point) Test timeout expired
/home/neil/Documents/cs4098/check/tests/check_check_sub.c:2446:E:Limit Tests:test_early_exit:0: (after this point) Early exit with return value 1
/home/neil/Documents/cs4098/check/tests/check_check_sub.c:2477:F:Limit Tests:test_null:0: Completed properly
/home/neil/Documents/cs4098/check/tests/check_check_sub.c:2490:F:Limit Tests:test_null_2:0: Completed properly
/home/neil/Documents/cs4098/check/tests/check_check_sub.c:2504:P:Msg and fork Tests:test_fork1p_pass:0: Passed
/home/neil/Documents/cs4098/check/tests/check_check_sub.c:2524:F:Msg and fork Tests:test_fork1p_fail:0: Expected fail
/home/neil/Documents/cs4098/check/tests/check_check_sub.c:2545:P:Msg and fork Tests:test_fork1c_pass:0: Passed
/home/neil/Documents/cs4098/check/tests/check_check_sub.c:2561:F:Msg and fork Tests:test_fork1c_fail:0: Expected fail
/home/neil/Documents/cs4098/check/tests/check_check_sub.c:2581:P:Msg and fork Tests:test_fork2_pass:0: Passed
/home/neil/Documents/cs4098/check/tests/check_check_sub.c:2604:F:Msg and fork Tests:test_fork2_fail:0: Expected fail
/home/neil/Documents/cs4098/check/tests/check_check_sub.c:2617:F:Check Errors Tests:test_invalid_set_fork_status:0: Early exit with return value 2
/home/neil/Documents/cs4098/check/tests/check_check_sub.c:2703:F:Check Ignore Exit Handlers:test_ignore_exit_handlers:0: Failed
/home/neil/Documents/cs4098/check/tests/check_check_sub.c:2659:P:Core:test_srunner:0: Passed
/home/neil/Documents/cs4098/check/tests/check_check_sub.c:2668:F:Core:test_2nd_suite:0: We failed
Ran 260 tests in subordinate suite
Running suite(s): Master
 Lists
 Msg
 Log
 Log
 Limit
Running suite(s): Empty
100%: Checks: 0, Failures: 0, Errors: 0
 Fork
 Fixture
Running suite(s): Fixture Norm Sub
100%: Checks: 2, Failures: 0, Errors: 0
/home/neil/Documents/cs4098/check/tests/check_check_fixture.c:116:P:Fixture Norm Sub:test_sub_ch_setup_norm:0: Passed
/home/neil/Documents/cs4098/check/tests/check_check_fixture.c:116:P:Fixture Norm Sub:test_sub_ch_setup_norm:0: Passed
Running suite(s): Setup Fail
0%: Checks: 1, Failures: 1, Errors: 0
/home/neil/Documents/cs4098/check/tests/check_check_fixture.c:150:S:Setup Fail:test_sub_fail:0: Failed setup
Running suite(s): Setup Fail Nofork
0%: Checks: 1, Failures: 1, Errors: 0
/home/neil/Documents/cs4098/check/tests/check_check_fixture.c:150:S:Setup Fail Nofork:checked_setup:0: Failed setup
Running suite(s): Setup Fail Nofork 2
0%: Checks: 1, Failures: 1, Errors: 0
/home/neil/Documents/cs4098/check/tests/check_check_fixture.c:150:S:Setup Fail Nofork 2:checked_setup:0: Failed setup
Running suite(s): Setup Pass Multiple fixtures
100%: Checks: 1, Failures: 0, Errors: 0
/home/neil/Documents/cs4098/check/tests/check_check_fixture.c:178:P:Setup Pass Multiple fixtures:test_sub_pass:0: Passed
Running suite(s): Setup Sig
0%: Checks: 1, Failures: 0, Errors: 1
/home/neil/Documents/cs4098/check/tests/check_check_fixture.c:160:S:Setup Sig:test_sub_fail:0: (after this point) Received signal 8 (Floating point exception)
Running suite(s): Fixture Two setups
100%: Checks: 1, Failures: 0, Errors: 0
/home/neil/Documents/cs4098/check/tests/check_check_fixture.c:374:P:Fixture Two setups:test_sub_two_setups:0: Passed
Running suite(s): Teardown Fail
0%: Checks: 1, Failures: 1, Errors: 0
/home/neil/Documents/cs4098/check/tests/check_check_fixture.c:155:S:Teardown Fail:test_sub_pass:0: Failed teardown
Running suite(s): Teardown Fail No Fork
0%: Checks: 1, Failures: 1, Errors: 0
/home/neil/Documents/cs4098/check/tests/check_check_fixture.c:155:S:Teardown Fail No Fork:test_sub_pass:0: Failed teardown
Running suite(s): Teardown Sig
0%: Checks: 1, Failures: 0, Errors: 1
/home/neil/Documents/cs4098/check/tests/check_check_fixture.c:166:S:Teardown Sig:test_sub_pass:0: (after this point) Received signal 8 (Floating point exception)
Running suite(s): Fixture Two teardowns
100%: Checks: 1, Failures: 0, Errors: 0
/home/neil/Documents/cs4098/check/tests/check_check_fixture.c:566:P:Fixture Two teardowns:test_sub_two_teardowns:0: Passed
 Pack
 Check Tag Filtering
Running suite(s): RedBlue Suite
 PurpleYellowBlack Suite
100%: Checks: 5, Failures: 0, Errors: 0
/home/neil/Documents/cs4098/check/tests/check_check_tags.c:48:P:Red:red_test1:0: Passed
/home/neil/Documents/cs4098/check/tests/check_check_tags.c:54:P:Blue:blue_test1:0: Passed
/home/neil/Documents/cs4098/check/tests/check_check_tags.c:60:P:Purple:purple_test1:0: Passed
/home/neil/Documents/cs4098/check/tests/check_check_tags.c:66:P:Yellow:yellow_test1:0: Passed
/home/neil/Documents/cs4098/check/tests/check_check_tags.c:72:P:Black:black_test1:0: Passed
Running suite(s): RedBlue Suite
 PurpleYellowBlack Suite
100%: Checks: 0, Failures: 0, Errors: 0
Running suite(s): RedBlue Suite
 PurpleYellowBlack Suite
100%: Checks: 5, Failures: 0, Errors: 0
/home/neil/Documents/cs4098/check/tests/check_check_tags.c:48:P:Red:red_test1:0: Passed
/home/neil/Documents/cs4098/check/tests/check_check_tags.c:54:P:Blue:blue_test1:0: Passed
/home/neil/Documents/cs4098/check/tests/check_check_tags.c:60:P:Purple:purple_test1:0: Passed
/home/neil/Documents/cs4098/check/tests/check_check_tags.c:66:P:Yellow:yellow_test1:0: Passed
/home/neil/Documents/cs4098/check/tests/check_check_tags.c:72:P:Black:black_test1:0: Passed
Running suite(s): RedBlue Suite
 PurpleYellowBlack Suite
100%: Checks: 1, Failures: 0, Errors: 0
/home/neil/Documents/cs4098/check/tests/check_check_tags.c:66:P:Yellow:yellow_test1:0: Passed
Running suite(s): RedBlue Suite
 PurpleYellowBlack Suite
100%: Checks: 2, Failures: 0, Errors: 0
/home/neil/Documents/cs4098/check/tests/check_check_tags.c:48:P:Red:red_test1:0: Passed
/home/neil/Documents/cs4098/check/tests/check_check_tags.c:60:P:Purple:purple_test1:0: Passed
Running suite(s): RedBlue Suite
 PurpleYellowBlack Suite
100%: Checks: 3, Failures: 0, Errors: 0
/home/neil/Documents/cs4098/check/tests/check_check_tags.c:48:P:Red:red_test1:0: Passed
/home/neil/Documents/cs4098/check/tests/check_check_tags.c:54:P:Blue:blue_test1:0: Passed
/home/neil/Documents/cs4098/check/tests/check_check_tags.c:60:P:Purple:purple_test1:0: Passed
Running suite(s): RedBlue Suite
 PurpleYellowBlack Suite
100%: Checks: 4, Failures: 0, Errors: 0
/home/neil/Documents/cs4098/check/tests/check_check_tags.c:48:P:Red:red_test1:0: Passed
/home/neil/Documents/cs4098/check/tests/check_check_tags.c:54:P:Blue:blue_test1:0: Passed
/home/neil/Documents/cs4098/check/tests/check_check_tags.c:60:P:Purple:purple_test1:0: Passed
/home/neil/Documents/cs4098/check/tests/check_check_tags.c:66:P:Yellow:yellow_test1:0: Passed
Running suite(s): RedBlue Suite
 PurpleYellowBlack Suite
100%: Checks: 4, Failures: 0, Errors: 0
/home/neil/Documents/cs4098/check/tests/check_check_tags.c:48:P:Red:red_test1:0: Passed
/home/neil/Documents/cs4098/check/tests/check_check_tags.c:54:P:Blue:blue_test1:0: Passed
/home/neil/Documents/cs4098/check/tests/check_check_tags.c:60:P:Purple:purple_test1:0: Passed
/home/neil/Documents/cs4098/check/tests/check_check_tags.c:72:P:Black:black_test1:0: Passed
Running suite(s): RedBlue Suite
 PurpleYellowBlack Suite
100%: Checks: 3, Failures: 0, Errors: 0
/home/neil/Documents/cs4098/check/tests/check_check_tags.c:54:P:Blue:blue_test1:0: Passed
/home/neil/Documents/cs4098/check/tests/check_check_tags.c:66:P:Yellow:yellow_test1:0: Passed
/home/neil/Documents/cs4098/check/tests/check_check_tags.c:72:P:Black:black_test1:0: Passed
Running suite(s): RedBlue Suite
 PurpleYellowBlack Suite
100%: Checks: 2, Failures: 0, Errors: 0
/home/neil/Documents/cs4098/check/tests/check_check_tags.c:66:P:Yellow:yellow_test1:0: Passed
/home/neil/Documents/cs4098/check/tests/check_check_tags.c:72:P:Black:black_test1:0: Passed
Running suite(s): RedBlue Suite
 PurpleYellowBlack Suite
100%: Checks: 1, Failures: 0, Errors: 0
/home/neil/Documents/cs4098/check/tests/check_check_tags.c:72:P:Black:black_test1:0: Passed
Running suite(s): RedBlue Suite
 PurpleYellowBlack Suite
100%: Checks: 1, Failures: 0, Errors: 0
/home/neil/Documents/cs4098/check/tests/check_check_tags.c:66:P:Yellow:yellow_test1:0: Passed
Running suite(s): RedBlue Suite
 PurpleYellowBlack Suite
100%: Checks: 2, Failures: 0, Errors: 0
/home/neil/Documents/cs4098/check/tests/check_check_tags.c:48:P:Red:red_test1:0: Passed
/home/neil/Documents/cs4098/check/tests/check_check_tags.c:60:P:Purple:purple_test1:0: Passed
Running suite(s): RedBlue Suite
 PurpleYellowBlack Suite
100%: Checks: 3, Failures: 0, Errors: 0
/home/neil/Documents/cs4098/check/tests/check_check_tags.c:48:P:Red:red_test1:0: Passed
/home/neil/Documents/cs4098/check/tests/check_check_tags.c:54:P:Blue:blue_test1:0: Passed
/home/neil/Documents/cs4098/check/tests/check_check_tags.c:60:P:Purple:purple_test1:0: Passed
Running suite(s): RedBlue Suite
 PurpleYellowBlack Suite
100%: Checks: 4, Failures: 0, Errors: 0
/home/neil/Documents/cs4098/check/tests/check_check_tags.c:48:P:Red:red_test1:0: Passed
/home/neil/Documents/cs4098/check/tests/check_check_tags.c:54:P:Blue:blue_test1:0: Passed
/home/neil/Documents/cs4098/check/tests/check_check_tags.c:60:P:Purple:purple_test1:0: Passed
/home/neil/Documents/cs4098/check/tests/check_check_tags.c:66:P:Yellow:yellow_test1:0: Passed
Running suite(s): RedBlue Suite
 PurpleYellowBlack Suite
100%: Checks: 4, Failures: 0, Errors: 0
/home/neil/Documents/cs4098/check/tests/check_check_tags.c:48:P:Red:red_test1:0: Passed
/home/neil/Documents/cs4098/check/tests/check_check_tags.c:54:P:Blue:blue_test1:0: Passed
/home/neil/Documents/cs4098/check/tests/check_check_tags.c:60:P:Purple:purple_test1:0: Passed
/home/neil/Documents/cs4098/check/tests/check_check_tags.c:72:P:Black:black_test1:0: Passed
Running suite(s): RedBlue Suite
 PurpleYellowBlack Suite
100%: Checks: 3, Failures: 0, Errors: 0
/home/neil/Documents/cs4098/check/tests/check_check_tags.c:54:P:Blue:blue_test1:0: Passed
/home/neil/Documents/cs4098/check/tests/check_check_tags.c:66:P:Yellow:yellow_test1:0: Passed
/home/neil/Documents/cs4098/check/tests/check_check_tags.c:72:P:Black:black_test1:0: Passed
Running suite(s): RedBlue Suite
 PurpleYellowBlack Suite
100%: Checks: 2, Failures: 0, Errors: 0
/home/neil/Documents/cs4098/check/tests/check_check_tags.c:66:P:Yellow:yellow_test1:0: Passed
/home/neil/Documents/cs4098/check/tests/check_check_tags.c:72:P:Black:black_test1:0: Passed
Running suite(s): RedBlue Suite
 PurpleYellowBlack Suite
100%: Checks: 1, Failures: 0, Errors: 0
/home/neil/Documents/cs4098/check/tests/check_check_tags.c:72:P:Black:black_test1:0: Passed
Running suite(s): RedBlue Suite
100%: Checks: 1, Failures: 0, Errors: 0
/home/neil/Documents/cs4098/check/tests/check_check_tags.c:48:P:Red:red_test1:0: Passed
Running suite(s): PurpleYellowBlack Suite
100%: Checks: 2, Failures: 0, Errors: 0
/home/neil/Documents/cs4098/check/tests/check_check_tags.c:60:P:Purple:purple_test1:0: Passed
/home/neil/Documents/cs4098/check/tests/check_check_tags.c:66:P:Yellow:yellow_test1:0: Passed
Running suite(s): RedBlue Suite
100%: Checks: 1, Failures: 0, Errors: 0
/home/neil/Documents/cs4098/check/tests/check_check_tags.c:54:P:Blue:blue_test1:0: Passed
Running suite(s): PurpleYellowBlack Suite
100%: Checks: 1, Failures: 0, Errors: 0
/home/neil/Documents/cs4098/check/tests/check_check_tags.c:72:P:Black:black_test1:0: Passed
Running suite(s): RedBlue Suite
100%: Checks: 1, Failures: 0, Errors: 0
/home/neil/Documents/cs4098/check/tests/check_check_tags.c:48:P:Red:red_test1:0: Passed
Running suite(s): RedBlue Suite
100%: Checks: 0, Failures: 0, Errors: 0
Running suite(s): RedBlue Suite
100%: Checks: 0, Failures: 0, Errors: 0
Running suite(s): RedBlue Suite
100%: Checks: 1, Failures: 0, Errors: 0
/home/neil/Documents/cs4098/check/tests/check_check_tags.c:54:P:Blue:blue_test1:0: Passed
Running suite(s): RedBlue Suite
 PurpleYellowBlack Suite
100%: Checks: 0, Failures: 0, Errors: 0
Running suite(s): RedBlue Suite
 PurpleYellowBlack Suite
100%: Checks: 1, Failures: 0, Errors: 0
/home/neil/Documents/cs4098/check/tests/check_check_tags.c:48:P:Red:red_test1:0: Passed
Running suite(s): RedBlue Suite
 PurpleYellowBlack Suite
100%: Checks: 0, Failures: 0, Errors: 0
Running suite(s): RedBlue Suite
 PurpleYellowBlack Suite
100%: Checks: 2, Failures: 0, Errors: 0
/home/neil/Documents/cs4098/check/tests/check_check_tags.c:48:P:Red:red_test1:0: Passed
/home/neil/Documents/cs4098/check/tests/check_check_tags.c:60:P:Purple:purple_test1:0: Passed
Running suite(s): RedBlue Suite
 PurpleYellowBlack Suite
100%: Checks: 3, Failures: 0, Errors: 0
/home/neil/Documents/cs4098/check/tests/check_check_tags.c:48:P:Red:red_test1:0: Passed
/home/neil/Documents/cs4098/check/tests/check_check_tags.c:54:P:Blue:blue_test1:0: Passed
/home/neil/Documents/cs4098/check/tests/check_check_tags.c:60:P:Purple:purple_test1:0: Passed
 Exit
 SelectiveTesting
Running suite(s): suite1
 suite2
100%: Checks: 3, Failures: 0, Errors: 0
/home/neil/Documents/cs4098/check/tests/check_check_selective.c:40:P:tcase11:test_tc11:0: Passed
/home/neil/Documents/cs4098/check/tests/check_check_selective.c:46:P:tcase12:test_tc12:0: Passed
/home/neil/Documents/cs4098/check/tests/check_check_selective.c:52:P:tcase21:test_tc21:0: Passed
Running suite(s): suite1
100%: Checks: 2, Failures: 0, Errors: 0
/home/neil/Documents/cs4098/check/tests/check_check_selective.c:40:P:tcase11:test_tc11:0: Passed
/home/neil/Documents/cs4098/check/tests/check_check_selective.c:46:P:tcase12:test_tc12:0: Passed
Running suite(s):100%: Checks: 0, Failures: 0, Errors: 0
Running suite(s): suite1
100%: Checks: 1, Failures: 0, Errors: 0
/home/neil/Documents/cs4098/check/tests/check_check_selective.c:46:P:tcase12:test_tc12:0: Passed
Running suite(s):100%: Checks: 0, Failures: 0, Errors: 0
Running suite(s): suite2
100%: Checks: 1, Failures: 0, Errors: 0
/home/neil/Documents/cs4098/check/tests/check_check_selective.c:52:P:tcase21:test_tc21:0: Passed
Running suite(s):100%: Checks: 0, Failures: 0, Errors: 0
Running suite(s): suite1
100%: Checks: 2, Failures: 0, Errors: 0
/home/neil/Documents/cs4098/check/tests/check_check_selective.c:40:P:tcase11:test_tc11:0: Passed
/home/neil/Documents/cs4098/check/tests/check_check_selective.c:46:P:tcase12:test_tc12:0: Passed
Running suite(s):100%: Checks: 0, Failures: 0, Errors: 0
Running suite(s): suite1
100%: Checks: 1, Failures: 0, Errors: 0
/home/neil/Documents/cs4098/check/tests/check_check_selective.c:46:P:tcase12:test_tc12:0: Passed
Running suite(s):100%: Checks: 0, Failures: 0, Errors: 0
Running suite(s): suite2
100%: Checks: 1, Failures: 0, Errors: 0
/home/neil/Documents/cs4098/check/tests/check_check_selective.c:52:P:tcase21:test_tc21:0: Passed
Running suite(s):100%: Checks: 0, Failures: 0, Errors: 0
100%: Checks: 914, Failures: 0, Errors: 0
/home/neil/Documents/cs4098/check/tests/check_check_master.c:428:P:Core Tests:test_check_nfailures:0: Passed
/home/neil/Documents/cs4098/check/tests/check_check_master.c:435:P:Core Tests:test_check_ntests_run:0: Passed
/home/neil/Documents/cs4098/check/tests/check_check_master.c:488:P:Core Tests:test_check_failure_msgs:0: Passed
/home/neil/Documents/cs4098/check/tests/check_check_master.c:615:P:Core Tests:test_check_failure_ftypes:0: Passed
/home/neil/Documents/cs4098/check/tests/check_check_master.c:594:P:Core Tests:test_check_failure_lnos:0: Passed
/home/neil/Documents/cs4098/check/tests/check_check_master.c:629:P:Core Tests:test_check_failure_lfiles:0: Passed
/home/neil/Documents/cs4098/check/tests/check_check_master.c:646:P:Core Tests:test_check_test_names:0: Passed
/home/neil/Documents/cs4098/check/tests/check_check_master.c:634:P:Core Tests:test_check_tcnames:0: Passed
/home/neil/Documents/cs4098/check/tests/check_check_master.c:634:P:Core Tests:test_check_tcnames:1: Passed
/home/neil/Documents/cs4098/check/tests/check_check_master.c:634:P:Core Tests:test_check_tcnames:2: Passed
/home/neil/Documents/cs4098/check/tests/check_check_master.c:634:P:Core Tests:test_check_tcnames:3: Passed
/home/neil/Documents/cs4098/check/tests/check_check_master.c:634:P:Core Tests:test_check_tcnames:4: Passed
/home/neil/Documents/cs4098/check/tests/check_check_master.c:634:P:Core Tests:test_check_tcnames:5: Passed
/home/neil/Documents/cs4098/check/tests/check_check_master.c:634:P:Core Tests:test_check_tcnames:6: Passed
/home/neil/Documents/cs4098/check/tests/check_check_master.c:634:P:Core Tests:test_check_tcnames:7: Passed
/home/neil/Documents/cs4098/check/tests/check_check_master.c:634:P:Core Tests:test_check_tcnames:8: Passed
/home/neil/Documents/cs4098/check/tests/check_check_master.c:634:P:Core Tests:test_check_tcnames:9: Passed
/home/neil/Documents/cs4098/check/tests/check_check_master.c:634:P:Core Tests:test_check_tcnames:10: Passed
/home/neil/Documents/cs4098/check/tests/check_check_master.c:634:P:Core Tests:test_check_tcnames:11: Passed
/home/neil/Documents/cs4098/check/tests/check_check_master.c:634:P:Core Tests:test_check_tcnames:12: Passed
/home/neil/Documents/cs4098/check/tests/check_check_master.c:634:P:Core Tests:test_check_tcnames:13: Passed
/home/neil/Documents/cs4098/check/tests/check_check_master.c:634:P:Core Tests:test_check_tcnames:14: Passed
/home/neil/Documents/cs4098/check/tests/check_check_master.c:634:P:Core Tests:test_check_tcnames:15: Passed
/home/neil/Documents/cs4098/check/tests/check_check_master.c:634:P:Core Tests:test_check_tcnames:16: Passed
/home/neil/Documents/cs4098/check/tests/check_check_master.c:634:P:Core Tests:test_check_tcnames:17: Passed
/home/neil/Documents/cs4098/check/tests/check_check_master.c:634:P:Core Tests:test_check_tcnames:18: Passed
/home/neil/Documents/cs4098/check/tests/check_check_master.c:634:P:Core Tests:test_check_tcnames:19: Passed
/home/neil/Documents/cs4098/check/tests/check_check_master.c:634:P:Core Tests:test_check_tcnames:20: Passed
/home/neil/Documents/cs4098/check/tests/check_check_master.c:634:P:Core Tests:test_check_tcnames:21: Passed
/home/neil/Documents/cs4098/check/tests/check_check_master.c:634:P:Core Tests:test_check_tcnames:22: Passed
/home/neil/Documents/cs4098/check/tests/check_check_master.c:634:P:Core Tests:test_check_tcnames:23: Passed
/home/neil/Documents/cs4098/check/tests/check_check_master.c:634:P:Core Tests:test_check_tcnames:24: Passed
/home/neil/Documents/cs4098/check/tests/check_check_master.c:634:P:Core Tests:test_check_tcnames:25: Passed
/home/neil/Documents/cs4098/check/tests/check_check_master.c:634:P:Core Tests:test_check_tcnames:26: Passed
/home/neil/Documents/cs4098/check/tests/check_check_master.c:634:P:Core Tests:test_check_tcnames:27: Passed
/home/neil/Documents/cs4098/check/tests/check_check_master.c:634:P:Core Tests:test_check_tcnames:28: Passed
/home/neil/Documents/cs4098/check/tests/check_check_master.c:634:P:Core Tests:test_check_tcnames:29: Passed
/home/neil/Documents/cs4098/check/tests/check_check_master.c:634:P:Core Tests:test_check_tcnames:30: Passed
/home/neil/Documents/cs4098/check/tests/check_check_master.c:634:P:Core Tests:test_check_tcnames:31: Passed
/home/neil/Documents/cs4098/check/tests/check_check_master.c:634:P:Core Tests:test_check_tcnames:32: Passed
/home/neil/Documents/cs4098/check/tests/check_check_master.c:634:P:Core Tests:test_check_tcnames:33: Passed
/home/neil/Documents/cs4098/check/tests/check_check_master.c:634:P:Core Tests:test_check_tcnames:34: Passed
/home/neil/Documents/cs4098/check/tests/check_check_master.c:634:P:Core Tests:test_check_tcnames:35: Passed
/home/neil/Documents/cs4098/check/tests/check_check_master.c:634:P:Core Tests:test_check_tcnames:36: Passed
/home/neil/Documents/cs4098/check/tests/check_check_master.c:634:P:Core Tests:test_check_tcnames:37: Passed
/home/neil/Documents/cs4098/check/tests/check_check_master.c:634:P:Core Tests:test_check_tcnames:38: Passed
/home/neil/Documents/cs4098/check/tests/check_check_master.c:634:P:Core Tests:test_check_tcnames:39: Passed
/home/neil/Documents/cs4098/check/tests/check_check_master.c:634:P:Core Tests:test_check_tcnames:40: Passed
/home/neil/Documents/cs4098/check/tests/check_check_master.c:634:P:Core Tests:test_check_tcnames:41: Passed
/home/neil/Documents/cs4098/check/tests/check_check_master.c:634:P:Core Tests:test_check_tcnames:42: Passed
/home/neil/Documents/cs4098/check/tests/check_check_master.c:634:P:Core Tests:test_check_tcnames:43: Passed
/home/neil/Documents/cs4098/check/tests/check_check_master.c:634:P:Core Tests:test_check_tcnames:44: Passed
/home/neil/Documents/cs4098/check/tests/check_check_master.c:634:P:Core Tests:test_check_tcnames:45: Passed
/home/neil/Documents/cs4098/check/tests/check_check_master.c:634:P:Core Tests:test_check_tcnames:46: Passed
/home/neil/Documents/cs4098/check/tests/check_check_master.c:634:P:Core Tests:test_check_tcnames:47: Passed
/home/neil/Documents/cs4098/check/tests/check_check_master.c:634:P:Core Tests:test_check_tcnames:48: Passed
/home/neil/Documents/cs4098/check/tests/check_check_master.c:634:P:Core Tests:test_check_tcnames:49: Passed
/home/neil/Documents/cs4098/check/tests/check_check_master.c:634:P:Core Tests:test_check_tcnames:50: Passed
/home/neil/Documents/cs4098/check/tests/check_check_master.c:634:P:Core Tests:test_check_tcnames:51: Passed
/home/neil/Documents/cs4098/check/tests/check_check_master.c:634:P:Core Tests:test_check_tcnames:52: Passed
/home/neil/Documents/cs4098/check/tests/check_check_master.c:634:P:Core Tests:test_check_tcnames:53: Passed
/home/neil/Documents/cs4098/check/tests/check_check_master.c:634:P:Core Tests:test_check_tcnames:54: Passed
/home/neil/Documents/cs4098/check/tests/check_check_master.c:634:P:Core Tests:test_check_tcnames:55: Passed
/home/neil/Documents/cs4098/check/tests/check_check_master.c:634:P:Core Tests:test_check_tcnames:56: Passed
/home/neil/Documents/cs4098/check/tests/check_check_master.c:634:P:Core Tests:test_check_tcnames:57: Passed
/home/neil/Documents/cs4098/check/tests/check_check_master.c:634:P:Core Tests:test_check_tcnames:58: Passed
/home/neil/Documents/cs4098/check/tests/check_check_master.c:634:P:Core Tests:test_check_tcnames:59: Passed
/home/neil/Documents/cs4098/check/tests/check_check_master.c:634:P:Core Tests:test_check_tcnames:60: Passed
/home/neil/Documents/cs4098/check/tests/check_check_master.c:634:P:Core Tests:test_check_tcnames:61: Passed
/home/neil/Documents/cs4098/check/tests/check_check_master.c:634:P:Core Tests:test_check_tcnames:62: Passed
/home/neil/Documents/cs4098/check/tests/check_check_master.c:634:P:Core Tests:test_check_tcnames:63: Passed
/home/neil/Documents/cs4098/check/tests/check_check_master.c:634:P:Core Tests:test_check_tcnames:64: Passed
/home/neil/Documents/cs4098/check/tests/check_check_master.c:634:P:Core Tests:test_check_tcnames:65: Passed
/home/neil/Documents/cs4098/check/tests/check_check_master.c:634:P:Core Tests:test_check_tcnames:66: Passed
/home/neil/Documents/cs4098/check/tests/check_check_master.c:634:P:Core Tests:test_check_tcnames:67: Passed
/home/neil/Documents/cs4098/check/tests/check_check_master.c:634:P:Core Tests:test_check_tcnames:68: Passed
/home/neil/Documents/cs4098/check/tests/check_check_master.c:634:P:Core Tests:test_check_tcnames:69: Passed
/home/neil/Documents/cs4098/check/tests/check_check_master.c:634:P:Core Tests:test_check_tcnames:70: Passed
/home/neil/Documents/cs4098/check/tests/check_check_master.c:634:P:Core Tests:test_check_tcnames:71: Passed
/home/neil/Documents/cs4098/check/tests/check_check_master.c:634:P:Core Tests:test_check_tcnames:72: Passed
/home/neil/Documents/cs4098/check/tests/check_check_master.c:634:P:Core Tests:test_check_tcnames:73: Passed
/home/neil/Documents/cs4098/check/tests/check_check_master.c:634:P:Core Tests:test_check_tcnames:74: Passed
/home/neil/Documents/cs4098/check/tests/check_check_master.c:634:P:Core Tests:test_check_tcnames:75: Passed
/home/neil/Documents/cs4098/check/tests/check_check_master.c:634:P:Core Tests:test_check_tcnames:76: Passed
/home/neil/Documents/cs4098/check/tests/check_check_master.c:634:P:Core Tests:test_check_tcnames:77: Passed
/home/neil/Documents/cs4098/check/tests/check_check_master.c:634:P:Core Tests:test_check_tcnames:78: Passed
/home/neil/Documents/cs4098/check/tests/check_check_master.c:634:P:Core Tests:test_check_tcnames:79: Passed
/home/neil/Documents/cs4098/check/tests/check_check_master.c:634:P:Core Tests:test_check_tcnames:80: Passed
/home/neil/Documents/cs4098/check/tests/check_check_master.c:634:P:Core Tests:test_check_tcnames:81: Passed
/home/neil/Documents/cs4098/check/tests/check_check_master.c:634:P:Core Tests:test_check_tcnames:82: Passed
/home/neil/Documents/cs4098/check/tests/check_check_master.c:634:P:Core Tests:test_check_tcnames:83: Passed
/home/neil/Documents/cs4098/check/tests/check_check_master.c:634:P:Core Tests:test_check_tcnames:84: Passed
/home/neil/Documents/cs4098/check/tests/check_check_master.c:634:P:Core Tests:test_check_tcnames:85: Passed
/home/neil/Documents/cs4098/check/tests/check_check_master.c:634:P:Core Tests:test_check_tcnames:86: Passed
/home/neil/Documents/cs4098/check/tests/check_check_master.c:634:P:Core Tests:test_check_tcnames:87: Passed
/home/neil/Documents/cs4098/check/tests/check_check_master.c:634:P:Core Tests:test_check_tcnames:88: Passed
/home/neil/Documents/cs4098/check/tests/check_check_master.c:634:P:Core Tests:test_check_tcnames:89: Passed
/home/neil/Documents/cs4098/check/tests/check_check_master.c:634:P:Core Tests:test_check_tcnames:90: Passed
/home/neil/Documents/cs4098/check/tests/check_check_master.c:634:P:Core Tests:test_check_tcnames:91: Passed
/home/neil/Documents/cs4098/check/tests/check_check_master.c:634:P:Core Tests:test_check_tcnames:92: Passed
/home/neil/Documents/cs4098/check/tests/check_check_master.c:634:P:Core Tests:test_check_tcnames:93: Passed
/home/neil/Documents/cs4098/check/tests/check_check_master.c:634:P:Core Tests:test_check_tcnames:94: Passed
/home/neil/Documents/cs4098/check/tests/check_check_master.c:634:P:Core Tests:test_check_tcnames:95: Passed
/home/neil/Documents/cs4098/check/tests/check_check_master.c:634:P:Core Tests:test_check_tcnames:96: Passed
/home/neil/Documents/cs4098/check/tests/check_check_master.c:634:P:Core Tests:test_check_tcnames:97: Passed
/home/neil/Documents/cs4098/check/tests/check_check_master.c:634:P:Core Tests:test_check_tcnames:98: Passed
/home/neil/Documents/cs4098/check/tests/check_check_master.c:634:P:Core Tests:test_check_tcnames:99: Passed
/home/neil/Documents/cs4098/check/tests/check_check_master.c:634:P:Core Tests:test_check_tcnames:100: Passed
/home/neil/Documents/cs4098/check/tests/check_check_master.c:634:P:Core Tests:test_check_tcnames:101: Passed
/home/neil/Documents/cs4098/check/tests/check_check_master.c:634:P:Core Tests:test_check_tcnames:102: Passed
/home/neil/Documents/cs4098/check/tests/check_check_master.c:634:P:Core Tests:test_check_tcnames:103: Passed
/home/neil/Documents/cs4098/check/tests/check_check_master.c:634:P:Core Tests:test_check_tcnames:104: Passed
/home/neil/Documents/cs4098/check/tests/check_check_master.c:634:P:Core Tests:test_check_tcnames:105: Passed
/home/neil/Documents/cs4098/check/tests/check_check_master.c:634:P:Core Tests:test_check_tcnames:106: Passed
/home/neil/Documents/cs4098/check/tests/check_check_master.c:634:P:Core Tests:test_check_tcnames:107: Passed
/home/neil/Documents/cs4098/check/tests/check_check_master.c:634:P:Core Tests:test_check_tcnames:108: Passed
/home/neil/Documents/cs4098/check/tests/check_check_master.c:634:P:Core Tests:test_check_tcnames:109: Passed
/home/neil/Documents/cs4098/check/tests/check_check_master.c:634:P:Core Tests:test_check_tcnames:110: Passed
/home/neil/Documents/cs4098/check/tests/check_check_master.c:634:P:Core Tests:test_check_tcnames:111: Passed
/home/neil/Documents/cs4098/check/tests/check_check_master.c:634:P:Core Tests:test_check_tcnames:112: Passed
/home/neil/Documents/cs4098/check/tests/check_check_master.c:634:P:Core Tests:test_check_tcnames:113: Passed
/home/neil/Documents/cs4098/check/tests/check_check_master.c:634:P:Core Tests:test_check_tcnames:114: Passed
/home/neil/Documents/cs4098/check/tests/check_check_master.c:634:P:Core Tests:test_check_tcnames:115: Passed
/home/neil/Documents/cs4098/check/tests/check_check_master.c:634:P:Core Tests:test_check_tcnames:116: Passed
/home/neil/Documents/cs4098/check/tests/check_check_master.c:634:P:Core Tests:test_check_tcnames:117: Passed
/home/neil/Documents/cs4098/check/tests/check_check_master.c:634:P:Core Tests:test_check_tcnames:118: Passed
/home/neil/Documents/cs4098/check/tests/check_check_master.c:634:P:Core Tests:test_check_tcnames:119: Passed
/home/neil/Documents/cs4098/check/tests/check_check_master.c:634:P:Core Tests:test_check_tcnames:120: Passed
/home/neil/Documents/cs4098/check/tests/check_check_master.c:634:P:Core Tests:test_check_tcnames:121: Passed
/home/neil/Documents/cs4098/check/tests/check_check_master.c:634:P:Core Tests:test_check_tcnames:122: Passed
/home/neil/Documents/cs4098/check/tests/check_check_master.c:634:P:Core Tests:test_check_tcnames:123: Passed
/home/neil/Documents/cs4098/check/tests/check_check_master.c:634:P:Core Tests:test_check_tcnames:124: Passed
/home/neil/Documents/cs4098/check/tests/check_check_master.c:634:P:Core Tests:test_check_tcnames:125: Passed
/home/neil/Documents/cs4098/check/tests/check_check_master.c:634:P:Core Tests:test_check_tcnames:126: Passed
/home/neil/Documents/cs4098/check/tests/check_check_master.c:634:P:Core Tests:test_check_tcnames:127: Passed
/home/neil/Documents/cs4098/check/tests/check_check_master.c:634:P:Core Tests:test_check_tcnames:128: Passed
/home/neil/Documents/cs4098/check/tests/check_check_master.c:634:P:Core Tests:test_check_tcnames:129: Passed
/home/neil/Documents/cs4098/check/tests/check_check_master.c:634:P:Core Tests:test_check_tcnames:130: Passed
/home/neil/Documents/cs4098/check/tests/check_check_master.c:634:P:Core Tests:test_check_tcnames:131: Passed
/home/neil/Documents/cs4098/check/tests/check_check_master.c:634:P:Core Tests:test_check_tcnames:132: Passed
/home/neil/Documents/cs4098/check/tests/check_check_master.c:634:P:Core Tests:test_check_tcnames:133: Passed
/home/neil/Documents/cs4098/check/tests/check_check_master.c:634:P:Core Tests:test_check_tcnames:134: Passed
/home/neil/Documents/cs4098/check/tests/check_check_master.c:634:P:Core Tests:test_check_tcnames:135: Passed
/home/neil/Documents/cs4098/check/tests/check_check_master.c:634:P:Core Tests:test_check_tcnames:136: Passed
/home/neil/Documents/cs4098/check/tests/check_check_master.c:634:P:Core Tests:test_check_tcnames:137: Passed
/home/neil/Documents/cs4098/check/tests/check_check_master.c:634:P:Core Tests:test_check_tcnames:138: Passed
/home/neil/Documents/cs4098/check/tests/check_check_master.c:634:P:Core Tests:test_check_tcnames:139: Passed
/home/neil/Documents/cs4098/check/tests/check_check_master.c:634:P:Core Tests:test_check_tcnames:140: Passed
/home/neil/Documents/cs4098/check/tests/check_check_master.c:634:P:Core Tests:test_check_tcnames:141: Passed
/home/neil/Documents/cs4098/check/tests/check_check_master.c:634:P:Core Tests:test_check_tcnames:142: Passed
/home/neil/Documents/cs4098/check/tests/check_check_master.c:634:P:Core Tests:test_check_tcnames:143: Passed
/home/neil/Documents/cs4098/check/tests/check_check_master.c:634:P:Core Tests:test_check_tcnames:144: Passed
/home/neil/Documents/cs4098/check/tests/check_check_master.c:634:P:Core Tests:test_check_tcnames:145: Passed
/home/neil/Documents/cs4098/check/tests/check_check_master.c:634:P:Core Tests:test_check_tcnames:146: Passed
/home/neil/Documents/cs4098/check/tests/check_check_master.c:634:P:Core Tests:test_check_tcnames:147: Passed
/home/neil/Documents/cs4098/check/tests/check_check_master.c:634:P:Core Tests:test_check_tcnames:148: Passed
/home/neil/Documents/cs4098/check/tests/check_check_master.c:634:P:Core Tests:test_check_tcnames:149: Passed
/home/neil/Documents/cs4098/check/tests/check_check_master.c:634:P:Core Tests:test_check_tcnames:150: Passed
/home/neil/Documents/cs4098/check/tests/check_check_master.c:634:P:Core Tests:test_check_tcnames:151: Passed
/home/neil/Documents/cs4098/check/tests/check_check_master.c:634:P:Core Tests:test_check_tcnames:152: Passed
/home/neil/Documents/cs4098/check/tests/check_check_master.c:634:P:Core Tests:test_check_tcnames:153: Passed
/home/neil/Documents/cs4098/check/tests/check_check_master.c:634:P:Core Tests:test_check_tcnames:154: Passed
/home/neil/Documents/cs4098/check/tests/check_check_master.c:634:P:Core Tests:test_check_tcnames:155: Passed
/home/neil/Documents/cs4098/check/tests/check_check_master.c:634:P:Core Tests:test_check_tcnames:156: Passed
/home/neil/Documents/cs4098/check/tests/check_check_master.c:634:P:Core Tests:test_check_tcnames:157: Passed
/home/neil/Documents/cs4098/check/tests/check_check_master.c:634:P:Core Tests:test_check_tcnames:158: Passed
/home/neil/Documents/cs4098/check/tests/check_check_master.c:634:P:Core Tests:test_check_tcnames:159: Passed
/home/neil/Documents/cs4098/check/tests/check_check_master.c:634:P:Core Tests:test_check_tcnames:160: Passed
/home/neil/Documents/cs4098/check/tests/check_check_master.c:634:P:Core Tests:test_check_tcnames:161: Passed
/home/neil/Documents/cs4098/check/tests/check_check_master.c:634:P:Core Tests:test_check_tcnames:162: Passed
/home/neil/Documents/cs4098/check/tests/check_check_master.c:634:P:Core Tests:test_check_tcnames:163: Passed
/home/neil/Documents/cs4098/check/tests/check_check_master.c:634:P:Core Tests:test_check_tcnames:164: Passed
/home/neil/Documents/cs4098/check/tests/check_check_master.c:634:P:Core Tests:test_check_tcnames:165: Passed
/home/neil/Documents/cs4098/check/tests/check_check_master.c:634:P:Core Tests:test_check_tcnames:166: Passed
/home/neil/Documents/cs4098/check/tests/check_check_master.c:634:P:Core Tests:test_check_tcnames:167: Passed
/home/neil/Documents/cs4098/check/tests/check_check_master.c:634:P:Core Tests:test_check_tcnames:168: Passed
/home/neil/Documents/cs4098/check/tests/check_check_master.c:634:P:Core Tests:test_check_tcnames:169: Passed
/home/neil/Documents/cs4098/check/tests/check_check_master.c:634:P:Core Tests:test_check_tcnames:170: Passed
/home/neil/Documents/cs4098/check/tests/check_check_master.c:634:P:Core Tests:test_check_tcnames:171: Passed
/home/neil/Documents/cs4098/check/tests/check_check_master.c:634:P:Core Tests:test_check_tcnames:172: Passed
/home/neil/Documents/cs4098/check/tests/check_check_master.c:634:P:Core Tests:test_check_tcnames:173: Passed
/home/neil/Documents/cs4098/check/tests/check_check_master.c:634:P:Core Tests:test_check_tcnames:174: Passed
/home/neil/Documents/cs4098/check/tests/check_check_master.c:634:P:Core Tests:test_check_tcnames:175: Passed
/home/neil/Documents/cs4098/check/tests/check_check_master.c:634:P:Core Tests:test_check_tcnames:176: Passed
/home/neil/Documents/cs4098/check/tests/check_check_master.c:634:P:Core Tests:test_check_tcnames:177: Passed
/home/neil/Documents/cs4098/check/tests/check_check_master.c:634:P:Core Tests:test_check_tcnames:178: Passed
/home/neil/Documents/cs4098/check/tests/check_check_master.c:634:P:Core Tests:test_check_tcnames:179: Passed
/home/neil/Documents/cs4098/check/tests/check_check_master.c:634:P:Core Tests:test_check_tcnames:180: Passed
/home/neil/Documents/cs4098/check/tests/check_check_master.c:634:P:Core Tests:test_check_tcnames:181: Passed
/home/neil/Documents/cs4098/check/tests/check_check_master.c:634:P:Core Tests:test_check_tcnames:182: Passed
/home/neil/Documents/cs4098/check/tests/check_check_master.c:634:P:Core Tests:test_check_tcnames:183: Passed
/home/neil/Documents/cs4098/check/tests/check_check_master.c:634:P:Core Tests:test_check_tcnames:184: Passed
/home/neil/Documents/cs4098/check/tests/check_check_master.c:634:P:Core Tests:test_check_tcnames:185: Passed
/home/neil/Documents/cs4098/check/tests/check_check_master.c:634:P:Core Tests:test_check_tcnames:186: Passed
/home/neil/Documents/cs4098/check/tests/check_check_master.c:634:P:Core Tests:test_check_tcnames:187: Passed
/home/neil/Documents/cs4098/check/tests/check_check_master.c:634:P:Core Tests:test_check_tcnames:188: Passed
/home/neil/Documents/cs4098/check/tests/check_check_master.c:634:P:Core Tests:test_check_tcnames:189: Passed
/home/neil/Documents/cs4098/check/tests/check_check_master.c:634:P:Core Tests:test_check_tcnames:190: Passed
/home/neil/Documents/cs4098/check/tests/check_check_master.c:634:P:Core Tests:test_check_tcnames:191: Passed
/home/neil/Documents/cs4098/check/tests/check_check_master.c:634:P:Core Tests:test_check_tcnames:192: Passed
/home/neil/Documents/cs4098/check/tests/check_check_master.c:634:P:Core Tests:test_check_tcnames:193: Passed
/home/neil/Documents/cs4098/check/tests/check_check_master.c:634:P:Core Tests:test_check_tcnames:194: Passed
/home/neil/Documents/cs4098/check/tests/check_check_master.c:634:P:Core Tests:test_check_tcnames:195: Passed
/home/neil/Documents/cs4098/check/tests/check_check_master.c:634:P:Core Tests:test_check_tcnames:196: Passed
/home/neil/Documents/cs4098/check/tests/check_check_master.c:634:P:Core Tests:test_check_tcnames:197: Passed
/home/neil/Documents/cs4098/check/tests/check_check_master.c:634:P:Core Tests:test_check_tcnames:198: Passed
/home/neil/Documents/cs4098/check/tests/check_check_master.c:634:P:Core Tests:test_check_tcnames:199: Passed
/home/neil/Documents/cs4098/check/tests/check_check_master.c:634:P:Core Tests:test_check_tcnames:200: Passed
/home/neil/Documents/cs4098/check/tests/check_check_master.c:634:P:Core Tests:test_check_tcnames:201: Passed
/home/neil/Documents/cs4098/check/tests/check_check_master.c:634:P:Core Tests:test_check_tcnames:202: Passed
/home/neil/Documents/cs4098/check/tests/check_check_master.c:634:P:Core Tests:test_check_tcnames:203: Passed
/home/neil/Documents/cs4098/check/tests/check_check_master.c:634:P:Core Tests:test_check_tcnames:204: Passed
/home/neil/Documents/cs4098/check/tests/check_check_master.c:634:P:Core Tests:test_check_tcnames:205: Passed
/home/neil/Documents/cs4098/check/tests/check_check_master.c:634:P:Core Tests:test_check_tcnames:206: Passed
/home/neil/Documents/cs4098/check/tests/check_check_master.c:634:P:Core Tests:test_check_tcnames:207: Passed
/home/neil/Documents/cs4098/check/tests/check_check_master.c:634:P:Core Tests:test_check_tcnames:208: Passed
/home/neil/Documents/cs4098/check/tests/check_check_master.c:634:P:Core Tests:test_check_tcnames:209: Passed
/home/neil/Documents/cs4098/check/tests/check_check_master.c:634:P:Core Tests:test_check_tcnames:210: Passed
/home/neil/Documents/cs4098/check/tests/check_check_master.c:634:P:Core Tests:test_check_tcnames:211: Passed
/home/neil/Documents/cs4098/check/tests/check_check_master.c:634:P:Core Tests:test_check_tcnames:212: Passed
/home/neil/Documents/cs4098/check/tests/check_check_master.c:634:P:Core Tests:test_check_tcnames:213: Passed
/home/neil/Documents/cs4098/check/tests/check_check_master.c:634:P:Core Tests:test_check_tcnames:214: Passed
/home/neil/Documents/cs4098/check/tests/check_check_master.c:634:P:Core Tests:test_check_tcnames:215: Passed
/home/neil/Documents/cs4098/check/tests/check_check_master.c:634:P:Core Tests:test_check_tcnames:216: Passed
/home/neil/Documents/cs4098/check/tests/check_check_master.c:634:P:Core Tests:test_check_tcnames:217: Passed
/home/neil/Documents/cs4098/check/tests/check_check_master.c:634:P:Core Tests:test_check_tcnames:218: Passed
/home/neil/Documents/cs4098/check/tests/check_check_master.c:634:P:Core Tests:test_check_tcnames:219: Passed
/home/neil/Documents/cs4098/check/tests/check_check_master.c:634:P:Core Tests:test_check_tcnames:220: Passed
/home/neil/Documents/cs4098/check/tests/check_check_master.c:634:P:Core Tests:test_check_tcnames:221: Passed
/home/neil/Documents/cs4098/check/tests/check_check_master.c:634:P:Core Tests:test_check_tcnames:222: Passed
/home/neil/Documents/cs4098/check/tests/check_check_master.c:634:P:Core Tests:test_check_tcnames:223: Passed
/home/neil/Documents/cs4098/check/tests/check_check_master.c:634:P:Core Tests:test_check_tcnames:224: Passed
/home/neil/Documents/cs4098/check/tests/check_check_master.c:634:P:Core Tests:test_check_tcnames:225: Passed
/home/neil/Documents/cs4098/check/tests/check_check_master.c:634:P:Core Tests:test_check_tcnames:226: Passed
/home/neil/Documents/cs4098/check/tests/check_check_master.c:634:P:Core Tests:test_check_tcnames:227: Passed
/home/neil/Documents/cs4098/check/tests/check_check_master.c:634:P:Core Tests:test_check_tcnames:228: Passed
/home/neil/Documents/cs4098/check/tests/check_check_master.c:634:P:Core Tests:test_check_tcnames:229: Passed
/home/neil/Documents/cs4098/check/tests/check_check_master.c:634:P:Core Tests:test_check_tcnames:230: Passed
/home/neil/Documents/cs4098/check/tests/check_check_master.c:634:P:Core Tests:test_check_tcnames:231: Passed
/home/neil/Documents/cs4098/check/tests/check_check_master.c:634:P:Core Tests:test_check_tcnames:232: Passed
/home/neil/Documents/cs4098/check/tests/check_check_master.c:634:P:Core Tests:test_check_tcnames:233: Passed
/home/neil/Documents/cs4098/check/tests/check_check_master.c:634:P:Core Tests:test_check_tcnames:234: Passed
[...]
/home/neil/Documents/cs4098/check/tests/check_check_master.c:746:P:Core Tests:test_check_all_ftypes:135: Passed
/home/neil/Documents/cs4098/check/tests/check_check_master.c:746:P:Core Tests:test_check_all_ftypes:136: Passed
/home/neil/Documents/cs4098/check/tests/check_check_master.c:746:P:Core Tests:test_check_all_ftypes:137: Passed
/home/neil/Documents/cs4098/check/tests/check_check_master.c:746:P:Core Tests:test_check_all_ftypes:138: Passed
/home/neil/Documents/cs4098/check/tests/check_check_master.c:746:P:Core Tests:test_check_all_ftypes:139: Passed
/home/neil/Documents/cs4098/check/tests/check_check_master.c:746:P:Core Tests:test_check_all_ftypes:140: Passed
/home/neil/Documents/cs4098/check/tests/check_check_master.c:746:P:Core Tests:test_check_all_ftypes:141: Passed
/home/neil/Documents/cs4098/check/tests/check_check_master.c:746:P:Core Tests:test_check_all_ftypes:142: Passed
/home/neil/Documents/cs4098/check/tests/check_check_master.c:746:P:Core Tests:test_check_all_ftypes:143: Passed
/home/neil/Documents/cs4098/check/tests/check_check_master.c:746:P:Core Tests:test_check_all_ftypes:144: Passed
/home/neil/Documents/cs4098/check/tests/check_check_master.c:746:P:Core Tests:test_check_all_ftypes:145: Passed
/home/neil/Documents/cs4098/check/tests/check_check_master.c:746:P:Core Tests:test_check_all_ftypes:146: Passed
/home/neil/Documents/cs4098/check/tests/check_check_master.c:746:P:Core Tests:test_check_all_ftypes:147: Passed
/home/neil/Documents/cs4098/check/tests/check_check_master.c:746:P:Core Tests:test_check_all_ftypes:148: Passed
/home/neil/Documents/cs4098/check/tests/check_check_master.c:746:P:Core Tests:test_check_all_ftypes:149: Passed
/home/neil/Documents/cs4098/check/tests/check_check_master.c:746:P:Core Tests:test_check_all_ftypes:150: Passed
/home/neil/Documents/cs4098/check/tests/check_check_master.c:746:P:Core Tests:test_check_all_ftypes:151: Passed
/home/neil/Documents/cs4098/check/tests/check_check_master.c:746:P:Core Tests:test_check_all_ftypes:152: Passed
/home/neil/Documents/cs4098/check/tests/check_check_master.c:746:P:Core Tests:test_check_all_ftypes:153: Passed
/home/neil/Documents/cs4098/check/tests/check_check_master.c:746:P:Core Tests:test_check_all_ftypes:154: Passed
/home/neil/Documents/cs4098/check/tests/check_check_master.c:746:P:Core Tests:test_check_all_ftypes:155: Passed
/home/neil/Documents/cs4098/check/tests/check_check_master.c:746:P:Core Tests:test_check_all_ftypes:156: Passed
/home/neil/Documents/cs4098/check/tests/check_check_master.c:746:P:Core Tests:test_check_all_ftypes:157: Passed
/home/neil/Documents/cs4098/check/tests/check_check_master.c:746:P:Core Tests:test_check_all_ftypes:158: Passed
/home/neil/Documents/cs4098/check/tests/check_check_master.c:746:P:Core Tests:test_check_all_ftypes:159: Passed
/home/neil/Documents/cs4098/check/tests/check_check_master.c:746:P:Core Tests:test_check_all_ftypes:160: Passed
/home/neil/Documents/cs4098/check/tests/check_check_master.c:746:P:Core Tests:test_check_all_ftypes:161: Passed
/home/neil/Documents/cs4098/check/tests/check_check_master.c:746:P:Core Tests:test_check_all_ftypes:162: Passed
/home/neil/Documents/cs4098/check/tests/check_check_master.c:746:P:Core Tests:test_check_all_ftypes:163: Passed
/home/neil/Documents/cs4098/check/tests/check_check_master.c:746:P:Core Tests:test_check_all_ftypes:164: Passed
/home/neil/Documents/cs4098/check/tests/check_check_master.c:746:P:Core Tests:test_check_all_ftypes:165: Passed
/home/neil/Documents/cs4098/check/tests/check_check_master.c:746:P:Core Tests:test_check_all_ftypes:166: Passed
/home/neil/Documents/cs4098/check/tests/check_check_master.c:746:P:Core Tests:test_check_all_ftypes:167: Passed
/home/neil/Documents/cs4098/check/tests/check_check_master.c:746:P:Core Tests:test_check_all_ftypes:168: Passed
/home/neil/Documents/cs4098/check/tests/check_check_master.c:746:P:Core Tests:test_check_all_ftypes:169: Passed
/home/neil/Documents/cs4098/check/tests/check_check_master.c:746:P:Core Tests:test_check_all_ftypes:170: Passed
/home/neil/Documents/cs4098/check/tests/check_check_master.c:746:P:Core Tests:test_check_all_ftypes:171: Passed
/home/neil/Documents/cs4098/check/tests/check_check_master.c:746:P:Core Tests:test_check_all_ftypes:172: Passed
/home/neil/Documents/cs4098/check/tests/check_check_master.c:746:P:Core Tests:test_check_all_ftypes:173: Passed
/home/neil/Documents/cs4098/check/tests/check_check_master.c:746:P:Core Tests:test_check_all_ftypes:174: Passed
/home/neil/Documents/cs4098/check/tests/check_check_master.c:746:P:Core Tests:test_check_all_ftypes:175: Passed
/home/neil/Documents/cs4098/check/tests/check_check_master.c:746:P:Core Tests:test_check_all_ftypes:176: Passed
/home/neil/Documents/cs4098/check/tests/check_check_master.c:746:P:Core Tests:test_check_all_ftypes:177: Passed
/home/neil/Documents/cs4098/check/tests/check_check_master.c:746:P:Core Tests:test_check_all_ftypes:178: Passed
/home/neil/Documents/cs4098/check/tests/check_check_master.c:746:P:Core Tests:test_check_all_ftypes:179: Passed
/home/neil/Documents/cs4098/check/tests/check_check_master.c:746:P:Core Tests:test_check_all_ftypes:180: Passed
/home/neil/Documents/cs4098/check/tests/check_check_master.c:746:P:Core Tests:test_check_all_ftypes:181: Passed
/home/neil/Documents/cs4098/check/tests/check_check_master.c:746:P:Core Tests:test_check_all_ftypes:182: Passed
/home/neil/Documents/cs4098/check/tests/check_check_master.c:746:P:Core Tests:test_check_all_ftypes:183: Passed
/home/neil/Documents/cs4098/check/tests/check_check_master.c:746:P:Core Tests:test_check_all_ftypes:184: Passed
/home/neil/Documents/cs4098/check/tests/check_check_master.c:746:P:Core Tests:test_check_all_ftypes:185: Passed
/home/neil/Documents/cs4098/check/tests/check_check_master.c:746:P:Core Tests:test_check_all_ftypes:186: Passed
/home/neil/Documents/cs4098/check/tests/check_check_master.c:746:P:Core Tests:test_check_all_ftypes:187: Passed
/home/neil/Documents/cs4098/check/tests/check_check_master.c:746:P:Core Tests:test_check_all_ftypes:188: Passed
/home/neil/Documents/cs4098/check/tests/check_check_master.c:746:P:Core Tests:test_check_all_ftypes:189: Passed
/home/neil/Documents/cs4098/check/tests/check_check_master.c:746:P:Core Tests:test_check_all_ftypes:190: Passed
/home/neil/Documents/cs4098/check/tests/check_check_master.c:746:P:Core Tests:test_check_all_ftypes:191: Passed
/home/neil/Documents/cs4098/check/tests/check_check_master.c:746:P:Core Tests:test_check_all_ftypes:192: Passed
/home/neil/Documents/cs4098/check/tests/check_check_master.c:746:P:Core Tests:test_check_all_ftypes:193: Passed
/home/neil/Documents/cs4098/check/tests/check_check_master.c:746:P:Core Tests:test_check_all_ftypes:194: Passed
/home/neil/Documents/cs4098/check/tests/check_check_master.c:746:P:Core Tests:test_check_all_ftypes:195: Passed
/home/neil/Documents/cs4098/check/tests/check_check_master.c:746:P:Core Tests:test_check_all_ftypes:196: Passed
/home/neil/Documents/cs4098/check/tests/check_check_master.c:746:P:Core Tests:test_check_all_ftypes:197: Passed
/home/neil/Documents/cs4098/check/tests/check_check_master.c:746:P:Core Tests:test_check_all_ftypes:198: Passed
/home/neil/Documents/cs4098/check/tests/check_check_master.c:746:P:Core Tests:test_check_all_ftypes:199: Passed
/home/neil/Documents/cs4098/check/tests/check_check_master.c:746:P:Core Tests:test_check_all_ftypes:200: Passed
/home/neil/Documents/cs4098/check/tests/check_check_master.c:746:P:Core Tests:test_check_all_ftypes:201: Passed
/home/neil/Documents/cs4098/check/tests/check_check_master.c:746:P:Core Tests:test_check_all_ftypes:202: Passed
/home/neil/Documents/cs4098/check/tests/check_check_master.c:746:P:Core Tests:test_check_all_ftypes:203: Passed
/home/neil/Documents/cs4098/check/tests/check_check_master.c:746:P:Core Tests:test_check_all_ftypes:204: Passed
/home/neil/Documents/cs4098/check/tests/check_check_master.c:746:P:Core Tests:test_check_all_ftypes:205: Passed
/home/neil/Documents/cs4098/check/tests/check_check_master.c:746:P:Core Tests:test_check_all_ftypes:206: Passed
/home/neil/Documents/cs4098/check/tests/check_check_master.c:746:P:Core Tests:test_check_all_ftypes:207: Passed
/home/neil/Documents/cs4098/check/tests/check_check_master.c:746:P:Core Tests:test_check_all_ftypes:208: Passed
/home/neil/Documents/cs4098/check/tests/check_check_master.c:746:P:Core Tests:test_check_all_ftypes:209: Passed
/home/neil/Documents/cs4098/check/tests/check_check_master.c:746:P:Core Tests:test_check_all_ftypes:210: Passed
/home/neil/Documents/cs4098/check/tests/check_check_master.c:746:P:Core Tests:test_check_all_ftypes:211: Passed
/home/neil/Documents/cs4098/check/tests/check_check_master.c:746:P:Core Tests:test_check_all_ftypes:212: Passed
/home/neil/Documents/cs4098/check/tests/check_check_master.c:746:P:Core Tests:test_check_all_ftypes:213: Passed
/home/neil/Documents/cs4098/check/tests/check_check_master.c:746:P:Core Tests:test_check_all_ftypes:214: Passed
/home/neil/Documents/cs4098/check/tests/check_check_master.c:746:P:Core Tests:test_check_all_ftypes:215: Passed
/home/neil/Documents/cs4098/check/tests/check_check_master.c:746:P:Core Tests:test_check_all_ftypes:216: Passed
/home/neil/Documents/cs4098/check/tests/check_check_master.c:746:P:Core Tests:test_check_all_ftypes:217: Passed
/home/neil/Documents/cs4098/check/tests/check_check_master.c:746:P:Core Tests:test_check_all_ftypes:218: Passed
/home/neil/Documents/cs4098/check/tests/check_check_master.c:746:P:Core Tests:test_check_all_ftypes:219: Passed
/home/neil/Documents/cs4098/check/tests/check_check_master.c:746:P:Core Tests:test_check_all_ftypes:220: Passed
/home/neil/Documents/cs4098/check/tests/check_check_master.c:746:P:Core Tests:test_check_all_ftypes:221: Passed
/home/neil/Documents/cs4098/check/tests/check_check_master.c:746:P:Core Tests:test_check_all_ftypes:222: Passed
/home/neil/Documents/cs4098/check/tests/check_check_master.c:746:P:Core Tests:test_check_all_ftypes:223: Passed
/home/neil/Documents/cs4098/check/tests/check_check_master.c:746:P:Core Tests:test_check_all_ftypes:224: Passed
/home/neil/Documents/cs4098/check/tests/check_check_master.c:746:P:Core Tests:test_check_all_ftypes:225: Passed
/home/neil/Documents/cs4098/check/tests/check_check_master.c:746:P:Core Tests:test_check_all_ftypes:226: Passed
/home/neil/Documents/cs4098/check/tests/check_check_master.c:746:P:Core Tests:test_check_all_ftypes:227: Passed
/home/neil/Documents/cs4098/check/tests/check_check_master.c:746:P:Core Tests:test_check_all_ftypes:228: Passed
/home/neil/Documents/cs4098/check/tests/check_check_master.c:746:P:Core Tests:test_check_all_ftypes:229: Passed
/home/neil/Documents/cs4098/check/tests/check_check_master.c:746:P:Core Tests:test_check_all_ftypes:230: Passed
/home/neil/Documents/cs4098/check/tests/check_check_master.c:746:P:Core Tests:test_check_all_ftypes:231: Passed
/home/neil/Documents/cs4098/check/tests/check_check_master.c:746:P:Core Tests:test_check_all_ftypes:232: Passed
/home/neil/Documents/cs4098/check/tests/check_check_master.c:746:P:Core Tests:test_check_all_ftypes:233: Passed
/home/neil/Documents/cs4098/check/tests/check_check_master.c:746:P:Core Tests:test_check_all_ftypes:234: Passed
/home/neil/Documents/cs4098/check/tests/check_check_master.c:746:P:Core Tests:test_check_all_ftypes:235: Passed
/home/neil/Documents/cs4098/check/tests/check_check_master.c:746:P:Core Tests:test_check_all_ftypes:236: Passed
/home/neil/Documents/cs4098/check/tests/check_check_master.c:746:P:Core Tests:test_check_all_ftypes:237: Passed
/home/neil/Documents/cs4098/check/tests/check_check_master.c:746:P:Core Tests:test_check_all_ftypes:238: Passed
/home/neil/Documents/cs4098/check/tests/check_check_master.c:746:P:Core Tests:test_check_all_ftypes:239: Passed
/home/neil/Documents/cs4098/check/tests/check_check_master.c:746:P:Core Tests:test_check_all_ftypes:240: Passed
/home/neil/Documents/cs4098/check/tests/check_check_master.c:746:P:Core Tests:test_check_all_ftypes:241: Passed
/home/neil/Documents/cs4098/check/tests/check_check_master.c:746:P:Core Tests:test_check_all_ftypes:242: Passed
/home/neil/Documents/cs4098/check/tests/check_check_master.c:746:P:Core Tests:test_check_all_ftypes:243: Passed
/home/neil/Documents/cs4098/check/tests/check_check_master.c:746:P:Core Tests:test_check_all_ftypes:244: Passed
/home/neil/Documents/cs4098/check/tests/check_check_master.c:746:P:Core Tests:test_check_all_ftypes:245: Passed
/home/neil/Documents/cs4098/check/tests/check_check_master.c:746:P:Core Tests:test_check_all_ftypes:246: Passed
/home/neil/Documents/cs4098/check/tests/check_check_master.c:746:P:Core Tests:test_check_all_ftypes:247: Passed
/home/neil/Documents/cs4098/check/tests/check_check_master.c:746:P:Core Tests:test_check_all_ftypes:248: Passed
/home/neil/Documents/cs4098/check/tests/check_check_master.c:746:P:Core Tests:test_check_all_ftypes:249: Passed
/home/neil/Documents/cs4098/check/tests/check_check_master.c:746:P:Core Tests:test_check_all_ftypes:250: Passed
/home/neil/Documents/cs4098/check/tests/check_check_master.c:746:P:Core Tests:test_check_all_ftypes:251: Passed
/home/neil/Documents/cs4098/check/tests/check_check_master.c:746:P:Core Tests:test_check_all_ftypes:252: Passed
/home/neil/Documents/cs4098/check/tests/check_check_master.c:746:P:Core Tests:test_check_all_ftypes:253: Passed
/home/neil/Documents/cs4098/check/tests/check_check_master.c:746:P:Core Tests:test_check_all_ftypes:254: Passed
/home/neil/Documents/cs4098/check/tests/check_check_master.c:746:P:Core Tests:test_check_all_ftypes:255: Passed
/home/neil/Documents/cs4098/check/tests/check_check_master.c:746:P:Core Tests:test_check_all_ftypes:256: Passed
/home/neil/Documents/cs4098/check/tests/check_check_master.c:746:P:Core Tests:test_check_all_ftypes:257: Passed
/home/neil/Documents/cs4098/check/tests/check_check_master.c:746:P:Core Tests:test_check_all_ftypes:258: Passed
/home/neil/Documents/cs4098/check/tests/check_check_master.c:746:P:Core Tests:test_check_all_ftypes:259: Passed
/home/neil/Documents/cs4098/check/tests/check_check_master.c:759:P:Fixture Setup Tests:test_setup:0: Passed
/home/neil/Documents/cs4098/check/tests/check_check_master.c:759:P:Fixture Setup Tests:test_setup:0: Passed
/home/neil/Documents/cs4098/check/tests/check_check_master.c:759:P:Fixture Setup Tests:test_setup:0: Passed
/home/neil/Documents/cs4098/check/tests/check_check_master.c:772:P:Fixture Teardown Tests:test_teardown:0: Passed
/home/neil/Documents/cs4098/check/tests/check_check_log.c:61:P:Core:test_set_log:0: Passed
/home/neil/Documents/cs4098/check/tests/check_check_log.c:93:P:Core:test_set_log_env:0: Passed
/home/neil/Documents/cs4098/check/tests/check_check_log.c:106:P:Core:test_no_set_log:0: Passed
/home/neil/Documents/cs4098/check/tests/check_check_log.c:121:P:Core:test_double_set_log:0: Passed
/home/neil/Documents/cs4098/check/tests/check_check_log.c:137:P:Core XML:test_set_xml:0: Passed
/home/neil/Documents/cs4098/check/tests/check_check_log.c:169:P:Core XML:test_set_xml_env:0: Passed
/home/neil/Documents/cs4098/check/tests/check_check_log.c:182:P:Core XML:test_no_set_xml:0: Passed
/home/neil/Documents/cs4098/check/tests/check_check_log.c:197:P:Core XML:test_double_set_xml:0: Passed
/home/neil/Documents/cs4098/check/tests/check_check_log.c:212:P:Core TAP:test_set_tap:0: Passed
/home/neil/Documents/cs4098/check/tests/check_check_log.c:244:P:Core TAP:test_set_tap_env:0: Passed
/home/neil/Documents/cs4098/check/tests/check_check_log.c:257:P:Core TAP:test_no_set_tap:0: Passed
/home/neil/Documents/cs4098/check/tests/check_check_log.c:272:P:Core TAP:test_double_set_tap:0: Passed
/home/neil/Documents/cs4098/check/tests/check_check_fork.c:96:P:Core:test_default_fork:0: Passed
/home/neil/Documents/cs4098/check/tests/check_check_fork.c:108:P:Core:test_set_nofork:0: Passed
/home/neil/Documents/cs4098/check/tests/check_check_fork.c:122:P:Core:test_set_fork:0: Passed
/home/neil/Documents/cs4098/check/tests/check_check_fork.c:131:P:Core:test_env:0: Passed
/home/neil/Documents/cs4098/check/tests/check_check_fork.c:141:P:Core:test_env_and_set:0: Passed
/home/neil/Documents/cs4098/check/tests/check_check_fork.c:149:P:Core:test_nofork:0: Passed
<end of output>
Test time = 175.99 sec
----------------------------------------------------------
Test Passed.
"check_check_export" end time: Feb 01 22:47 GMT
"check_check_export" time elapsed: 00:02:55
----------------------------------------------------------

3/8 Testing: test_output.sh
3/8 Test: test_output.sh
Command: "/bin/sh" "/home/neil/Documents/cs4098/check/tests/test_output.sh"
Directory: /home/neil/Documents/cs4098/check/build/tests
"test_output.sh" start time: Feb 01 22:47 GMT
Output:
----------------------------------------------------------
<end of output>
Test time =   0.08 sec
----------------------------------------------------------
Test Passed.
"test_output.sh" end time: Feb 01 22:47 GMT
"test_output.sh" time elapsed: 00:00:00
----------------------------------------------------------

4/8 Testing: test_log_output.sh
4/8 Test: test_log_output.sh
Command: "/bin/sh" "/home/neil/Documents/cs4098/check/tests/test_log_output.sh"
Directory: /home/neil/Documents/cs4098/check/build/tests
"test_log_output.sh" start time: Feb 01 22:47 GMT
Output:
----------------------------------------------------------
<end of output>
Test time =   0.02 sec
----------------------------------------------------------
Test Passed.
"test_log_output.sh" end time: Feb 01 22:47 GMT
"test_log_output.sh" time elapsed: 00:00:00
----------------------------------------------------------

5/8 Testing: test_xml_output.sh
5/8 Test: test_xml_output.sh
Command: "/bin/sh" "/home/neil/Documents/cs4098/check/tests/test_xml_output.sh"
Directory: /home/neil/Documents/cs4098/check/build/tests
"test_xml_output.sh" start time: Feb 01 22:47 GMT
Output:
----------------------------------------------------------
<end of output>
Test time =   0.03 sec
----------------------------------------------------------
Test Passed.
"test_xml_output.sh" end time: Feb 01 22:47 GMT
"test_xml_output.sh" time elapsed: 00:00:00
----------------------------------------------------------

6/8 Testing: test_tap_output.sh
6/8 Test: test_tap_output.sh
Command: "/bin/sh" "/home/neil/Documents/cs4098/check/tests/test_tap_output.sh"
Directory: /home/neil/Documents/cs4098/check/build/tests
"test_tap_output.sh" start time: Feb 01 22:47 GMT
Output:
----------------------------------------------------------
<end of output>
Test time =   0.01 sec
----------------------------------------------------------
Test Passed.
"test_tap_output.sh" end time: Feb 01 22:47 GMT
"test_tap_output.sh" time elapsed: 00:00:00
----------------------------------------------------------

7/8 Testing: test_check_nofork.sh
7/8 Test: test_check_nofork.sh
Command: "/bin/sh" "/home/neil/Documents/cs4098/check/tests/test_check_nofork.sh"
Directory: /home/neil/Documents/cs4098/check/build/tests
"test_check_nofork.sh" start time: Feb 01 22:47 GMT
Output:
----------------------------------------------------------
<end of output>
Test time =   0.00 sec
----------------------------------------------------------
Test Passed.
"test_check_nofork.sh" end time: Feb 01 22:47 GMT
"test_check_nofork.sh" time elapsed: 00:00:00
----------------------------------------------------------

8/8 Testing: test_check_nofork_teardown.sh
8/8 Test: test_check_nofork_teardown.sh
Command: "/bin/sh" "/home/neil/Documents/cs4098/check/tests/test_check_nofork_teardown.sh"
Directory: /home/neil/Documents/cs4098/check/build/tests
"test_check_nofork_teardown.sh" start time: Feb 01 22:47 GMT
Output:
----------------------------------------------------------
<end of output>
Test time =   0.00 sec
----------------------------------------------------------
Test Passed.
"test_check_nofork_teardown.sh" end time: Feb 01 22:47 GMT
"test_check_nofork_teardown.sh" time elapsed: 00:00:00
----------------------------------------------------------

End testing: Feb 01 22:47 GMT
